  [4;36;1mSQL (3.0ms)[0m   [0;1mCREATE TABLE [schema_migrations] ([version] varchar(255) NOT NULL) [0m
  [4;35;1mSQL (3.0ms)[0m   [0mCREATE UNIQUE INDEX [unique_schema_migrations] ON [schema_migrations] ([version])[0m
  [4;36;1mSQL (1.0ms)[0m   [0;1mSELECT version FROM schema_migrations[0m
  [4;36;1mSQL (1.0ms)[0m   [0;1mSELECT version FROM schema_migrations[0m
Migrating to CreateDisks (20100320053454)
  [4;35;1mEXECUTE (0.0ms)[0m   [0mBEGIN TRANSACTION[0m
  [4;36;1mSQL (13.0ms)[0m   [0;1mCREATE TABLE [disks] ([id] int NOT NULL IDENTITY(1, 1) PRIMARY KEY, [image] varchar(255), [name] varchar(255), [is_movie] bit, [season] integer, [first_episode] integer, [first_title] integer, [created_at] datetime, [updated_at] datetime) [0m
  [4;35;1mSQL (8.0ms)[0m   [0mINSERT INTO schema_migrations (version) VALUES ('20100320053454')[0m
  [4;36;1mSQL (1.0ms)[0m   [0;1mSELECT SCOPE_IDENTITY() AS Ident[0m
  [4;35;1mEXECUTE (0.0ms)[0m   [0mCOMMIT TRANSACTION[0m
Migrating to CreateTracks (20100320053550)
  [4;36;1mEXECUTE (0.0ms)[0m   [0;1mBEGIN TRANSACTION[0m
  [4;35;1mSQL (2.0ms)[0m   [0mCREATE TABLE [tracks] ([id] int NOT NULL IDENTITY(1, 1) PRIMARY KEY, [track_index] integer, [name] varchar(255), [disk_id] integer NOT NULL, [created_at] datetime, [updated_at] datetime) [0m
  [4;36;1mSQL (1.0ms)[0m   [0;1mINSERT INTO schema_migrations (version) VALUES ('20100320053550')[0m
  [4;35;1mSQL (0.0ms)[0m   [0mSELECT SCOPE_IDENTITY() AS Ident[0m
  [4;36;1mEXECUTE (1.0ms)[0m   [0;1mCOMMIT TRANSACTION[0m
  [4;35;1mSQL (0.0ms)[0m   [0mSELECT version FROM schema_migrations[0m
  [4;36;1mSQL (20.0ms)[0m   [0;1mEXEC sp_helpindex [disks][0m
  [4;35;1mSQL (1.0ms)[0m   [0mEXEC sp_helpindex [tracks][0m
  [4;36;1mSQL (0.0ms)[0m   [0;1mSELECT version FROM schema_migrations[0m
Migrating to CreateDisks (20100320053454)
Migrating to CreateTracks (20100320053550)
  [4;35;1mSQL (0.0ms)[0m   [0mSELECT version FROM schema_migrations[0m
  [4;36;1mSQL (1.0ms)[0m   [0;1mEXEC sp_helpindex [disks][0m
  [4;35;1mSQL (1.0ms)[0m   [0mEXEC sp_helpindex [tracks][0m
  [4;36;1mSQL (0.0ms)[0m   [0;1mSELECT version FROM schema_migrations[0m
  [4;35;1mSQL (0.0ms)[0m   [0mSELECT version FROM schema_migrations[0m
Migrating to CreateTracks (20100320053550)
  [4;36;1mEXECUTE (0.0ms)[0m   [0;1mBEGIN TRANSACTION[0m
  [4;35;1mSQL (28.0ms)[0m   [0mDROP TABLE [tracks][0m
  [4;36;1mSQL (19.0ms)[0m   [0;1mDELETE FROM schema_migrations WHERE version = '20100320053550'[0m
  [4;35;1mSQL (1.0ms)[0m   [0mSELECT @@ROWCOUNT AS AffectedRows[0m
  [4;36;1mEXECUTE (1.0ms)[0m   [0;1mCOMMIT TRANSACTION[0m
Migrating to CreateDisks (20100320053454)
  [4;35;1mEXECUTE (1.0ms)[0m   [0mBEGIN TRANSACTION[0m
  [4;36;1mSQL (1.0ms)[0m   [0;1mDROP TABLE [disks][0m
  [4;35;1mSQL (1.0ms)[0m   [0mDELETE FROM schema_migrations WHERE version = '20100320053454'[0m
  [4;36;1mSQL (0.0ms)[0m   [0;1mSELECT @@ROWCOUNT AS AffectedRows[0m
  [4;35;1mEXECUTE (0.0ms)[0m   [0mCOMMIT TRANSACTION[0m
  [4;36;1mSQL (0.0ms)[0m   [0;1mSELECT version FROM schema_migrations[0m
  [4;36;1mSQL (0.0ms)[0m   [0;1mSELECT version FROM schema_migrations[0m
Migrating to CreateDisks (20100320053454)
  [4;35;1mEXECUTE (0.0ms)[0m   [0mBEGIN TRANSACTION[0m
  [4;36;1mSQL (2.0ms)[0m   [0;1mCREATE TABLE [disks] ([id] int NOT NULL IDENTITY(1, 1) PRIMARY KEY, [image] varchar(255), [name] varchar(255), [is_movie] bit, [season] integer, [first_episode] integer, [first_title] integer, [created_at] datetime, [updated_at] datetime) [0m
  [4;35;1mSQL (0.0ms)[0m   [0mINSERT INTO schema_migrations (version) VALUES ('20100320053454')[0m
  [4;36;1mSQL (0.0ms)[0m   [0;1mSELECT SCOPE_IDENTITY() AS Ident[0m
  [4;35;1mEXECUTE (0.0ms)[0m   [0mCOMMIT TRANSACTION[0m
Migrating to CreateTracks (20100320053550)
  [4;36;1mEXECUTE (0.0ms)[0m   [0;1mBEGIN TRANSACTION[0m
  [4;35;1mSQL (1.0ms)[0m   [0mCREATE TABLE [tracks] ([id] int NOT NULL IDENTITY(1, 1) PRIMARY KEY, [track_index] integer, [name] varchar(255), [disk_id] integer NOT NULL, [created_at] datetime, [updated_at] datetime) [0m
  [4;36;1mSQL (1.0ms)[0m   [0;1mINSERT INTO schema_migrations (version) VALUES ('20100320053550')[0m
  [4;35;1mSQL (0.0ms)[0m   [0mSELECT SCOPE_IDENTITY() AS Ident[0m
  [4;36;1mEXECUTE (1.0ms)[0m   [0;1mCOMMIT TRANSACTION[0m
  [4;35;1mSQL (0.0ms)[0m   [0mSELECT version FROM schema_migrations[0m
  [4;36;1mSQL (1.0ms)[0m   [0;1mEXEC sp_helpindex [disks][0m
  [4;35;1mSQL (1.0ms)[0m   [0mEXEC sp_helpindex [tracks][0m
  [4;36;1mSQL (0.0ms)[0m   [0;1mSELECT version FROM schema_migrations[0m
  [4;35;1mSQL (0.0ms)[0m   [0mSELECT version FROM schema_migrations[0m
Migrating to CreateTracks (20100320053550)
  [4;36;1mEXECUTE (1.0ms)[0m   [0;1mBEGIN TRANSACTION[0m
  [4;35;1mSQL (1.0ms)[0m   [0mDROP TABLE [tracks][0m
  [4;36;1mSQL (0.0ms)[0m   [0;1mDELETE FROM schema_migrations WHERE version = '20100320053550'[0m
  [4;35;1mSQL (0.0ms)[0m   [0mSELECT @@ROWCOUNT AS AffectedRows[0m
  [4;36;1mEXECUTE (0.0ms)[0m   [0;1mCOMMIT TRANSACTION[0m
Migrating to CreateDisks (20100320053454)
  [4;35;1mEXECUTE (1.0ms)[0m   [0mBEGIN TRANSACTION[0m
  [4;36;1mSQL (1.0ms)[0m   [0;1mDROP TABLE [disks][0m
  [4;35;1mSQL (0.0ms)[0m   [0mDELETE FROM schema_migrations WHERE version = '20100320053454'[0m
  [4;36;1mSQL (0.0ms)[0m   [0;1mSELECT @@ROWCOUNT AS AffectedRows[0m
  [4;35;1mEXECUTE (0.0ms)[0m   [0mCOMMIT TRANSACTION[0m
  [4;36;1mSQL (1.0ms)[0m   [0;1mSELECT version FROM schema_migrations[0m
  [4;36;1mSQL (0.0ms)[0m   [0;1mSELECT version FROM schema_migrations[0m
Migrating to CreateDisks (20100320053454)
  [4;35;1mEXECUTE (0.0ms)[0m   [0mBEGIN TRANSACTION[0m
  [4;36;1mSQL (2.0ms)[0m   [0;1mCREATE TABLE [disks] ([id] int NOT NULL IDENTITY(1, 1) PRIMARY KEY, [image] varchar(255), [name] varchar(255), [is_movie] bit, [season] integer, [first_episode] integer, [first_title] integer, [created_at] datetime, [updated_at] datetime) [0m
  [4;35;1mSQL (0.0ms)[0m   [0mINSERT INTO schema_migrations (version) VALUES ('20100320053454')[0m
  [4;36;1mSQL (1.0ms)[0m   [0;1mSELECT SCOPE_IDENTITY() AS Ident[0m
  [4;35;1mEXECUTE (0.0ms)[0m   [0mCOMMIT TRANSACTION[0m
Migrating to CreateTracks (20100320053550)
  [4;36;1mEXECUTE (0.0ms)[0m   [0;1mBEGIN TRANSACTION[0m
  [4;35;1mSQL (2.0ms)[0m   [0mCREATE TABLE [tracks] ([id] int NOT NULL IDENTITY(1, 1) PRIMARY KEY, [track_index] integer, [name] varchar(255), [disk_id] integer NOT NULL, [created_at] datetime, [updated_at] datetime) [0m
  [4;36;1mSQL (1.0ms)[0m   [0;1mINSERT INTO schema_migrations (version) VALUES ('20100320053550')[0m
  [4;35;1mSQL (0.0ms)[0m   [0mSELECT SCOPE_IDENTITY() AS Ident[0m
  [4;36;1mEXECUTE (1.0ms)[0m   [0;1mCOMMIT TRANSACTION[0m
  [4;35;1mSQL (0.0ms)[0m   [0mSELECT version FROM schema_migrations[0m
  [4;36;1mSQL (2.0ms)[0m   [0;1mEXEC sp_helpindex [disks][0m
  [4;35;1mSQL (1.0ms)[0m   [0mEXEC sp_helpindex [tracks][0m
  [4;36;1mSQL (0.0ms)[0m   [0;1mSELECT version FROM schema_migrations[0m
  [4;35;1mSQL (0.0ms)[0m   [0mSELECT version FROM schema_migrations[0m
Migrating to CreateTracks (20100320053550)
  [4;36;1mEXECUTE (0.0ms)[0m   [0;1mBEGIN TRANSACTION[0m
  [4;35;1mSQL (2.0ms)[0m   [0mDROP TABLE [tracks][0m
  [4;36;1mSQL (1.0ms)[0m   [0;1mDELETE FROM schema_migrations WHERE version = '20100320053550'[0m
  [4;35;1mSQL (0.0ms)[0m   [0mSELECT @@ROWCOUNT AS AffectedRows[0m
  [4;36;1mEXECUTE (1.0ms)[0m   [0;1mCOMMIT TRANSACTION[0m
Migrating to CreateDisks (20100320053454)
  [4;35;1mEXECUTE (0.0ms)[0m   [0mBEGIN TRANSACTION[0m
  [4;36;1mSQL (1.0ms)[0m   [0;1mDROP TABLE [disks][0m
  [4;35;1mSQL (0.0ms)[0m   [0mDELETE FROM schema_migrations WHERE version = '20100320053454'[0m
  [4;36;1mSQL (0.0ms)[0m   [0;1mSELECT @@ROWCOUNT AS AffectedRows[0m
  [4;35;1mEXECUTE (0.0ms)[0m   [0mCOMMIT TRANSACTION[0m
  [4;36;1mSQL (0.0ms)[0m   [0;1mSELECT version FROM schema_migrations[0m
  [4;36;1mSQL (0.0ms)[0m   [0;1mSELECT version FROM schema_migrations[0m
Migrating to CreateDisks (20100320053454)
  [4;35;1mEXECUTE (0.0ms)[0m   [0mBEGIN TRANSACTION[0m
  [4;36;1mSQL (1.0ms)[0m   [0;1mCREATE TABLE [disks] ([id] int NOT NULL IDENTITY(1, 1) PRIMARY KEY, [image] varchar(255), [name] varchar(255), [is_movie] bit, [season] integer, [first_episode] integer, [first_title] integer, [created_at] datetime, [updated_at] datetime) [0m
  [4;35;1mSQL (1.0ms)[0m   [0mINSERT INTO schema_migrations (version) VALUES ('20100320053454')[0m
  [4;36;1mSQL (0.0ms)[0m   [0;1mSELECT SCOPE_IDENTITY() AS Ident[0m
  [4;35;1mEXECUTE (1.0ms)[0m   [0mCOMMIT TRANSACTION[0m
Migrating to CreateTracks (20100320053550)
  [4;36;1mEXECUTE (0.0ms)[0m   [0;1mBEGIN TRANSACTION[0m
  [4;35;1mSQL (1.0ms)[0m   [0mCREATE TABLE [tracks] ([id] int NOT NULL IDENTITY(1, 1) PRIMARY KEY, [track_index] integer, [name] varchar(255), [disk_id] integer NOT NULL, [created_at] datetime, [updated_at] datetime) [0m
  [4;36;1mSQL (0.0ms)[0m   [0;1mINSERT INTO schema_migrations (version) VALUES ('20100320053550')[0m
  [4;35;1mSQL (0.0ms)[0m   [0mSELECT SCOPE_IDENTITY() AS Ident[0m
  [4;36;1mEXECUTE (0.0ms)[0m   [0;1mCOMMIT TRANSACTION[0m
  [4;35;1mSQL (0.0ms)[0m   [0mSELECT version FROM schema_migrations[0m
  [4;36;1mSQL (1.0ms)[0m   [0;1mEXEC sp_helpindex [disks][0m
  [4;35;1mSQL (1.0ms)[0m   [0mEXEC sp_helpindex [tracks][0m
  [4;36;1mSQL (0.0ms)[0m   [0;1mSELECT version FROM schema_migrations[0m
  [4;35;1mSQL (0.0ms)[0m   [0mSELECT version FROM schema_migrations[0m
Migrating to CreateTracks (20100320053550)
  [4;36;1mEXECUTE (0.0ms)[0m   [0;1mBEGIN TRANSACTION[0m
  [4;35;1mSQL (1.0ms)[0m   [0mDROP TABLE [tracks][0m
  [4;36;1mSQL (1.0ms)[0m   [0;1mDELETE FROM schema_migrations WHERE version = '20100320053550'[0m
  [4;35;1mSQL (0.0ms)[0m   [0mSELECT @@ROWCOUNT AS AffectedRows[0m
  [4;36;1mEXECUTE (0.0ms)[0m   [0;1mCOMMIT TRANSACTION[0m
  [4;35;1mSQL (0.0ms)[0m   [0mSELECT version FROM schema_migrations[0m
  [4;36;1mSQL (1.0ms)[0m   [0;1mEXEC sp_helpindex [disks][0m
  [4;35;1mSQL (1.0ms)[0m   [0mSELECT version FROM schema_migrations[0m
Migrating to CreateDisks (20100320053454)
Migrating to CreateTracks (20100320053550)
  [4;36;1mEXECUTE (0.0ms)[0m   [0;1mBEGIN TRANSACTION[0m
  [4;35;1mSQL (1.0ms)[0m   [0mCREATE TABLE [tracks] ([id] int NOT NULL IDENTITY(1, 1) PRIMARY KEY, [track_index] integer, [name] varchar(255), [disk_id] integer, [created_at] datetime, [updated_at] datetime) [0m
  [4;36;1mSQL (1.0ms)[0m   [0;1mINSERT INTO schema_migrations (version) VALUES ('20100320053550')[0m
  [4;35;1mSQL (0.0ms)[0m   [0mSELECT SCOPE_IDENTITY() AS Ident[0m
  [4;36;1mEXECUTE (1.0ms)[0m   [0;1mCOMMIT TRANSACTION[0m
  [4;35;1mSQL (0.0ms)[0m   [0mSELECT version FROM schema_migrations[0m
  [4;36;1mSQL (1.0ms)[0m   [0;1mEXEC sp_helpindex [disks][0m
  [4;35;1mSQL (1.0ms)[0m   [0mEXEC sp_helpindex [tracks][0m
  [4;36;1mSQL (0.0ms)[0m   [0;1mSELECT version FROM schema_migrations[0m
  [4;35;1mSQL (0.0ms)[0m   [0mSELECT version FROM schema_migrations[0m
Migrating to CreateTracks (20100320053550)
  [4;36;1mEXECUTE (0.0ms)[0m   [0;1mBEGIN TRANSACTION[0m
  [4;35;1mSQL (1.0ms)[0m   [0mDROP TABLE [tracks][0m
  [4;36;1mSQL (1.0ms)[0m   [0;1mDELETE FROM schema_migrations WHERE version = '20100320053550'[0m
  [4;35;1mSQL (0.0ms)[0m   [0mSELECT @@ROWCOUNT AS AffectedRows[0m
  [4;36;1mEXECUTE (1.0ms)[0m   [0;1mCOMMIT TRANSACTION[0m
  [4;35;1mSQL (1.0ms)[0m   [0mSELECT version FROM schema_migrations[0m
  [4;36;1mSQL (1.0ms)[0m   [0;1mEXEC sp_helpindex [disks][0m
  [4;35;1mSQL (0.0ms)[0m   [0mSELECT version FROM schema_migrations[0m
Migrating to CreateDisks (20100320053454)
Migrating to CreateTracks (20100320053550)
  [4;36;1mEXECUTE (1.0ms)[0m   [0;1mBEGIN TRANSACTION[0m
  [4;35;1mSQL (1.0ms)[0m   [0mCREATE TABLE [tracks] ([id] int NOT NULL IDENTITY(1, 1) PRIMARY KEY, [track_index] integer, [name] varchar(255), [disk_id] integer, [created_at] datetime, [updated_at] datetime) [0m
  [4;36;1mSQL (0.0ms)[0m   [0;1mODBC::Error: 37000 (156) [Microsoft][SQL Server Native Client 10.0][SQL Server]Incorrect syntax near the keyword 'ADD'.: ALTER TABLE ADD CONSTRAINT fk_tracks_disk FOREIGN KEY disk_id REFERENCES disks(id)[0m
  [4;35;1mEXECUTE (20.0ms)[0m   [0mROLLBACK TRANSACTION[0m
  [4;36;1mSQL (0.0ms)[0m   [0;1mSELECT version FROM schema_migrations[0m
Migrating to CreateDisks (20100320053454)
Migrating to CreateTracks (20100320053550)
  [4;35;1mEXECUTE (1.0ms)[0m   [0mBEGIN TRANSACTION[0m
  [4;36;1mSQL (1.0ms)[0m   [0;1mCREATE TABLE [tracks] ([id] int NOT NULL IDENTITY(1, 1) PRIMARY KEY, [track_index] integer, [name] varchar(255), [disk_id] integer, [created_at] datetime, [updated_at] datetime) [0m
  [4;35;1mSQL (0.0ms)[0m   [0mODBC::Error: 37000 (102) [Microsoft][SQL Server Native Client 10.0][SQL Server]Incorrect syntax near 'disk_id'.: ALTER TABLE tracks ADD CONSTRAINT fk_tracks_disk FOREIGN KEY disk_id REFERENCES disks(id)[0m
  [4;36;1mEXECUTE (0.0ms)[0m   [0;1mROLLBACK TRANSACTION[0m
  [4;36;1mSQL (0.0ms)[0m   [0;1mSELECT version FROM schema_migrations[0m
Migrating to CreateDisks (20100320053454)
Migrating to CreateTracks (20100320053550)
  [4;35;1mEXECUTE (0.0ms)[0m   [0mBEGIN TRANSACTION[0m
  [4;36;1mSQL (1.0ms)[0m   [0;1mCREATE TABLE [tracks] ([id] int NOT NULL IDENTITY(1, 1) PRIMARY KEY, [track_index] integer, [name] varchar(255), [disk_id] integer, [created_at] datetime, [updated_at] datetime) [0m
  [4;35;1mSQL (0.0ms)[0m   [0mODBC::Error: 37000 (102) [Microsoft][SQL Server Native Client 10.0][SQL Server]Incorrect syntax near ')'.: ALTER TABLE tracks ADD CONSTRAINT fk_tracks_disk FOREIGN KEY )disk_id) REFERENCES disks(id)[0m
  [4;36;1mEXECUTE (1.0ms)[0m   [0;1mROLLBACK TRANSACTION[0m
  [4;36;1mSQL (0.0ms)[0m   [0;1mSELECT version FROM schema_migrations[0m
Migrating to CreateDisks (20100320053454)
Migrating to CreateTracks (20100320053550)
  [4;35;1mEXECUTE (0.0ms)[0m   [0mBEGIN TRANSACTION[0m
  [4;36;1mSQL (2.0ms)[0m   [0;1mCREATE TABLE [tracks] ([id] int NOT NULL IDENTITY(1, 1) PRIMARY KEY, [track_index] integer, [name] varchar(255), [disk_id] integer, [created_at] datetime, [updated_at] datetime) [0m
  [4;35;1mSQL (25.0ms)[0m   [0mALTER TABLE tracks ADD CONSTRAINT fk_tracks_disk FOREIGN KEY (disk_id) REFERENCES disks(id)[0m
  [4;36;1mSQL (0.0ms)[0m   [0;1mINSERT INTO schema_migrations (version) VALUES ('20100320053550')[0m
  [4;35;1mSQL (1.0ms)[0m   [0mSELECT SCOPE_IDENTITY() AS Ident[0m
  [4;36;1mEXECUTE (1.0ms)[0m   [0;1mCOMMIT TRANSACTION[0m
  [4;35;1mSQL (0.0ms)[0m   [0mSELECT version FROM schema_migrations[0m
  [4;36;1mSQL (1.0ms)[0m   [0;1mEXEC sp_helpindex [disks][0m
  [4;35;1mSQL (1.0ms)[0m   [0mEXEC sp_helpindex [tracks][0m
  [4;36;1mSQL (1.0ms)[0m   [0;1mSELECT version FROM schema_migrations[0m
  [4;35;1mSQL (0.0ms)[0m   [0mSELECT version FROM schema_migrations[0m
Migrating to CreateTracks (20100320053550)
  [4;36;1mEXECUTE (0.0ms)[0m   [0;1mBEGIN TRANSACTION[0m
  [4;35;1mSQL (2.0ms)[0m   [0mDROP TABLE [tracks][0m
  [4;36;1mSQL (1.0ms)[0m   [0;1mDELETE FROM schema_migrations WHERE version = '20100320053550'[0m
  [4;35;1mSQL (0.0ms)[0m   [0mSELECT @@ROWCOUNT AS AffectedRows[0m
  [4;36;1mEXECUTE (0.0ms)[0m   [0;1mCOMMIT TRANSACTION[0m
  [4;35;1mSQL (0.0ms)[0m   [0mSELECT version FROM schema_migrations[0m
  [4;36;1mSQL (1.0ms)[0m   [0;1mEXEC sp_helpindex [disks][0m
  [4;35;1mSQL (0.0ms)[0m   [0mSELECT version FROM schema_migrations[0m
Migrating to CreateDisks (20100320053454)
Migrating to CreateTracks (20100320053550)
  [4;36;1mEXECUTE (0.0ms)[0m   [0;1mBEGIN TRANSACTION[0m
  [4;35;1mSQL (2.0ms)[0m   [0mCREATE TABLE [tracks] ([id] int NOT NULL IDENTITY(1, 1) PRIMARY KEY, [track_index] integer, [name] varchar(255), [disk_id] integer, [created_at] datetime, [updated_at] datetime) [0m
  [4;36;1mSQL (2.0ms)[0m   [0;1mALTER TABLE tracks ADD CONSTRAINT FK_tracks_disk FOREIGN KEY (disk_id) REFERENCES disks(id)[0m
  [4;35;1mSQL (0.0ms)[0m   [0mINSERT INTO schema_migrations (version) VALUES ('20100320053550')[0m
  [4;36;1mSQL (0.0ms)[0m   [0;1mSELECT SCOPE_IDENTITY() AS Ident[0m
  [4;35;1mEXECUTE (0.0ms)[0m   [0mCOMMIT TRANSACTION[0m
  [4;36;1mSQL (0.0ms)[0m   [0;1mSELECT version FROM schema_migrations[0m
  [4;35;1mSQL (1.0ms)[0m   [0mEXEC sp_helpindex [disks][0m
  [4;36;1mSQL (1.0ms)[0m   [0;1mEXEC sp_helpindex [tracks][0m


Processing DisksController#index (for 127.0.0.1 at 2010-03-19 23:08:41) [GET]
  [4;36;1mDisk Load (0.0ms)[0m   [0;1mSELECT * FROM [disks] [0m
Rendering template within layouts/disks
Rendering disks/index
Completed in 2574ms (View: 2477, DB: 3) | 200 OK [http://localhost/disks]


Processing DisksController#new (for 127.0.0.1 at 2010-03-19 23:08:57) [GET]
Rendering template within layouts/disks
Rendering disks/new
Completed in 25ms (View: 15, DB: 1) | 200 OK [http://localhost/disks/new]


Processing DisksController#create (for 127.0.0.1 at 2010-03-19 23:09:32) [POST]
  Parameters: {"authenticity_token"=>"U9mTQb0hk+mwnz5QH7+RszysqaqSLNruiyY9zdqpn+I=", "disk"=>{"image"=>"blabla.iso", "name"=>"blabla", "is_movie"=>"1", "season"=>"1", "first_episode"=>"1", "first_title"=>"1"}, "commit"=>"Create"}
  [4;35;1mEXECUTE (0.0ms)[0m   [0mBEGIN TRANSACTION[0m
  [4;36;1mDisk Create (1.0ms)[0m   [0;1mINSERT INTO [disks] ([image], [name], [is_movie], [season], [first_episode], [first_title], [created_at], [updated_at]) VALUES('blabla.iso', 'blabla', 1, 1, 1, 1, '2010-03-20 06:09:32.782', '2010-03-20 06:09:32.782')[0m
  [4;35;1mSQL (0.0ms)[0m   [0mSELECT SCOPE_IDENTITY() AS Ident[0m
  [4;36;1mEXECUTE (1.0ms)[0m   [0;1mCOMMIT TRANSACTION[0m
Redirected to http://localhost:3000/disks/1
Completed in 18ms (DB: 4) | 302 Found [http://localhost/disks]


Processing DisksController#show (for 127.0.0.1 at 2010-03-19 23:09:33) [GET]
  Parameters: {"id"=>"1"}
  [4;35;1mDisk Load (3.0ms)[0m   [0mSELECT * FROM [disks] WHERE ([disks].[id] = 1) [0m
Rendering template within layouts/disks
Rendering disks/show
Completed in 31ms (View: 15, DB: 4) | 200 OK [http://localhost/disks/1]


Processing DisksController#index (for 127.0.0.1 at 2010-03-19 23:09:36) [GET]
  [4;36;1mDisk Load (0.0ms)[0m   [0;1mSELECT * FROM [disks] [0m
Rendering template within layouts/disks
Rendering disks/index
Completed in 16ms (View: 6, DB: 2) | 200 OK [http://localhost/disks]


Processing DisksController#new (for 127.0.0.1 at 2010-03-20 00:01:24) [GET]
Rendering template within layouts/disks
Rendering disks/new

ActionView::TemplateError (undefined method `other_conditional_attribute' for #<Disk:0x47976c0>) on line #11 of app/views/disks/new.html.erb:
8:   end-%>
9: 
10:   <span style="display:none;" id="model_attribute_name">  
11:   <%= f.text_area :other_conditional_attribute -%>  
12:   </span>  
13: 
14:   <p>

    app/views/disks/new.html.erb:11:in `block in _run_erb_app47views47disks47new46html46erb'
    app/views/disks/new.html.erb:3
    app/controllers/disks_controller.rb:29:in `new'
    <internal:prelude>:8:in `synchronize'
    C:/Ruby19/lib/ruby/1.9.1/webrick/httpserver.rb:111:in `service'
    C:/Ruby19/lib/ruby/1.9.1/webrick/httpserver.rb:70:in `run'
    C:/Ruby19/lib/ruby/1.9.1/webrick/server.rb:183:in `block in start_thread'

Rendered rescues/_trace (97.0ms)
Rendered rescues/_request_and_response (1.0ms)
Rendering rescues/layout (internal_server_error)


Processing DisksController#new (for 127.0.0.1 at 2010-03-20 00:02:04) [GET]
Rendering template within layouts/disks
Rendering disks/new
Completed in 28ms (View: 16, DB: 2) | 200 OK [http://localhost/disks/new]


Processing DisksController#new (for 127.0.0.1 at 2010-03-20 00:09:05) [GET]
Rendering template within layouts/disks
Rendering disks/new
Completed in 29ms (View: 18, DB: 1) | 200 OK [http://localhost/disks/new]


Processing DisksController#new (for 127.0.0.1 at 2010-03-20 00:09:22) [GET]
Rendering template within layouts/disks
Rendering disks/new
Completed in 18ms (View: 8, DB: 3) | 200 OK [http://localhost/disks/new]


Processing DisksController#new (for 127.0.0.1 at 2010-03-20 00:12:59) [GET]
Rendering template within layouts/disks
Rendering disks/new
Completed in 29ms (View: 19, DB: 2) | 200 OK [http://localhost/disks/new]


Processing DisksController#new (for 127.0.0.1 at 2010-03-20 00:13:47) [GET]
Rendering template within layouts/disks
Rendering disks/new
Completed in 31ms (View: 18, DB: 4) | 200 OK [http://localhost/disks/new]


Processing DisksController#create (for 127.0.0.1 at 2010-03-20 00:19:06) [POST]
  Parameters: {"authenticity_token"=>"U9mTQb0hk+mwnz5QH7+RszysqaqSLNruiyY9zdqpn+I=", "disk"=>{"image"=>"1", "name"=>"1", "season"=>"1", "first_episode"=>"1", "first_title"=>"1"}, "commit"=>"Create"}
  [4;35;1mEXECUTE (0.0ms)[0m   [0mBEGIN TRANSACTION[0m
  [4;36;1mDisk Create (1.0ms)[0m   [0;1mINSERT INTO [disks] ([image], [name], [is_movie], [season], [first_episode], [first_title], [created_at], [updated_at]) VALUES('1', '1', NULL, 1, 1, 1, '2010-03-20 07:19:06.504', '2010-03-20 07:19:06.504')[0m
  [4;35;1mSQL (0.0ms)[0m   [0mSELECT SCOPE_IDENTITY() AS Ident[0m
  [4;36;1mEXECUTE (0.0ms)[0m   [0;1mCOMMIT TRANSACTION[0m
Redirected to http://localhost:3000/disks/2
Completed in 23ms (DB: 3) | 302 Found [http://localhost/disks]


Processing DisksController#show (for 127.0.0.1 at 2010-03-20 00:19:07) [GET]
  Parameters: {"id"=>"2"}
  [4;35;1mDisk Load (0.0ms)[0m   [0mSELECT * FROM [disks] WHERE ([disks].[id] = 2) [0m
Rendering template within layouts/disks
Rendering disks/show
Completed in 18ms (View: 4, DB: 1) | 200 OK [http://localhost/disks/2]


Processing DisksController#index (for 127.0.0.1 at 2010-03-20 00:19:12) [GET]
  [4;36;1mDisk Load (0.0ms)[0m   [0;1mSELECT * FROM [disks] [0m
Rendering template within layouts/disks
Rendering disks/index
Completed in 21ms (View: 6, DB: 1) | 200 OK [http://localhost/disks]


Processing DisksController#destroy (for 127.0.0.1 at 2010-03-20 00:19:21) [DELETE]
  Parameters: {"authenticity_token"=>"U9mTQb0hk+mwnz5QH7+RszysqaqSLNruiyY9zdqpn+I=", "id"=>"2"}
  [4;35;1mDisk Load (0.0ms)[0m   [0mSELECT * FROM [disks] WHERE ([disks].[id] = 2) [0m
  [4;36;1mEXECUTE (0.0ms)[0m   [0;1mBEGIN TRANSACTION[0m
  [4;35;1mDisk Destroy (25.0ms)[0m   [0mDELETE FROM [disks] WHERE [id] = 2[0m
  [4;36;1mSQL (0.0ms)[0m   [0;1mSELECT @@ROWCOUNT AS AffectedRows[0m
  [4;35;1mEXECUTE (0.0ms)[0m   [0mCOMMIT TRANSACTION[0m
Redirected to http://localhost:3000/disks
Completed in 41ms (DB: 27) | 302 Found [http://localhost/disks/2]


Processing DisksController#index (for 127.0.0.1 at 2010-03-20 00:19:21) [GET]
  [4;36;1mDisk Load (0.0ms)[0m   [0;1mSELECT * FROM [disks] [0m
Rendering template within layouts/disks
Rendering disks/index
Completed in 25ms (View: 13, DB: 2) | 200 OK [http://localhost/disks]


Processing DisksController#new (for 127.0.0.1 at 2010-03-20 00:19:23) [GET]
Rendering template within layouts/disks
Rendering disks/new
Completed in 22ms (View: 8, DB: 6) | 200 OK [http://localhost/disks/new]


Processing DisksController#create (for 127.0.0.1 at 2010-03-20 00:19:28) [POST]
  Parameters: {"authenticity_token"=>"U9mTQb0hk+mwnz5QH7+RszysqaqSLNruiyY9zdqpn+I=", "disk"=>{"image"=>"1", "name"=>"1", "season"=>"", "first_episode"=>"", "first_title"=>""}, "commit"=>"Create"}
  [4;35;1mEXECUTE (1.0ms)[0m   [0mBEGIN TRANSACTION[0m
  [4;36;1mDisk Create (2.0ms)[0m   [0;1mINSERT INTO [disks] ([image], [name], [is_movie], [season], [first_episode], [first_title], [created_at], [updated_at]) VALUES('1', '1', NULL, NULL, NULL, NULL, '2010-03-20 07:19:28.247', '2010-03-20 07:19:28.247')[0m
  [4;35;1mSQL (1.0ms)[0m   [0mSELECT SCOPE_IDENTITY() AS Ident[0m
  [4;36;1mEXECUTE (1.0ms)[0m   [0;1mCOMMIT TRANSACTION[0m
Redirected to http://localhost:3000/disks/3
Completed in 23ms (DB: 7) | 302 Found [http://localhost/disks]


Processing DisksController#show (for 127.0.0.1 at 2010-03-20 00:19:29) [GET]
  Parameters: {"id"=>"3"}
  [4;35;1mDisk Load (0.0ms)[0m   [0mSELECT * FROM [disks] WHERE ([disks].[id] = 3) [0m
Rendering template within layouts/disks
Rendering disks/show
Completed in 17ms (View: 6, DB: 1) | 200 OK [http://localhost/disks/3]


Processing DisksController#index (for 127.0.0.1 at 2010-03-20 00:19:31) [GET]
  [4;36;1mDisk Load (0.0ms)[0m   [0;1mSELECT * FROM [disks] [0m
Rendering template within layouts/disks
Rendering disks/index
Completed in 19ms (View: 7, DB: 2) | 200 OK [http://localhost/disks]


Processing DisksController#index (for 127.0.0.1 at 2010-03-20 00:28:10) [GET]
  [4;35;1mDisk Load (0.0ms)[0m   [0mSELECT * FROM [disks] [0m
Rendering template within layouts/disks
Rendering disks/index
Completed in 18ms (View: 6, DB: 2) | 200 OK [http://localhost/disks]


Processing DisksController#new (for 127.0.0.1 at 2010-03-20 00:28:12) [GET]
Rendering template within layouts/disks
Rendering disks/new
Completed in 26ms (View: 16, DB: 2) | 200 OK [http://localhost/disks/new]


Processing DisksController#create (for 127.0.0.1 at 2010-03-20 00:28:21) [POST]
  Parameters: {"authenticity_token"=>"U9mTQb0hk+mwnz5QH7+RszysqaqSLNruiyY9zdqpn+I=", "disk"=>{"image"=>"2", "name"=>"2", "season"=>"2", "first_episode"=>"2", "first_title"=>"2"}, "commit"=>"Create"}
  [4;36;1mEXECUTE (0.0ms)[0m   [0;1mBEGIN TRANSACTION[0m
  [4;35;1mDisk Create (0.0ms)[0m   [0mINSERT INTO [disks] ([image], [name], [is_movie], [season], [first_episode], [first_title], [created_at], [updated_at]) VALUES('2', '2', NULL, 2, 2, 2, '2010-03-20 07:28:21.305', '2010-03-20 07:28:21.305')[0m
  [4;36;1mSQL (0.0ms)[0m   [0;1mSELECT SCOPE_IDENTITY() AS Ident[0m
  [4;35;1mEXECUTE (7.0ms)[0m   [0mCOMMIT TRANSACTION[0m
Redirected to http://localhost:3000/disks/4
Completed in 25ms (DB: 9) | 302 Found [http://localhost/disks]


Processing DisksController#show (for 127.0.0.1 at 2010-03-20 00:28:22) [GET]
  Parameters: {"id"=>"4"}
  [4;36;1mDisk Load (0.0ms)[0m   [0;1mSELECT * FROM [disks] WHERE ([disks].[id] = 4) [0m
Rendering template within layouts/disks
Rendering disks/show
Completed in 15ms (View: 4, DB: 3) | 200 OK [http://localhost/disks/4]


Processing DisksController#index (for 127.0.0.1 at 2010-03-20 00:28:25) [GET]
  [4;35;1mDisk Load (0.0ms)[0m   [0mSELECT * FROM [disks] [0m
Rendering template within layouts/disks
Rendering disks/index
Completed in 22ms (View: 10, DB: 1) | 200 OK [http://localhost/disks]


Processing DisksController#destroy (for 127.0.0.1 at 2010-03-20 00:28:29) [DELETE]
  Parameters: {"authenticity_token"=>"U9mTQb0hk+mwnz5QH7+RszysqaqSLNruiyY9zdqpn+I=", "id"=>"4"}
  [4;36;1mDisk Load (1.0ms)[0m   [0;1mSELECT * FROM [disks] WHERE ([disks].[id] = 4) [0m
  [4;35;1mEXECUTE (0.0ms)[0m   [0mBEGIN TRANSACTION[0m
  [4;36;1mDisk Destroy (0.0ms)[0m   [0;1mDELETE FROM [disks] WHERE [id] = 4[0m
  [4;35;1mSQL (1.0ms)[0m   [0mSELECT @@ROWCOUNT AS AffectedRows[0m
  [4;36;1mEXECUTE (0.0ms)[0m   [0;1mCOMMIT TRANSACTION[0m
Redirected to http://localhost:3000/disks
Completed in 14ms (DB: 3) | 302 Found [http://localhost/disks/4]


Processing DisksController#index (for 127.0.0.1 at 2010-03-20 00:28:29) [GET]
  [4;35;1mDisk Load (1.0ms)[0m   [0mSELECT * FROM [disks] [0m
Rendering template within layouts/disks
Rendering disks/index
Completed in 18ms (View: 7, DB: 4) | 200 OK [http://localhost/disks]


Processing DisksController#destroy (for 127.0.0.1 at 2010-03-20 00:28:31) [DELETE]
  Parameters: {"authenticity_token"=>"U9mTQb0hk+mwnz5QH7+RszysqaqSLNruiyY9zdqpn+I=", "id"=>"3"}
  [4;36;1mDisk Load (0.0ms)[0m   [0;1mSELECT * FROM [disks] WHERE ([disks].[id] = 3) [0m
  [4;35;1mEXECUTE (0.0ms)[0m   [0mBEGIN TRANSACTION[0m
  [4;36;1mDisk Destroy (0.0ms)[0m   [0;1mDELETE FROM [disks] WHERE [id] = 3[0m
  [4;35;1mSQL (0.0ms)[0m   [0mSELECT @@ROWCOUNT AS AffectedRows[0m
  [4;36;1mEXECUTE (18.0ms)[0m   [0;1mCOMMIT TRANSACTION[0m
Redirected to http://localhost:3000/disks
Completed in 31ms (DB: 19) | 302 Found [http://localhost/disks/3]


Processing DisksController#index (for 127.0.0.1 at 2010-03-20 00:28:33) [GET]
  [4;35;1mDisk Load (0.0ms)[0m   [0mSELECT * FROM [disks] [0m
Rendering template within layouts/disks
Rendering disks/index
Completed in 18ms (View: 6, DB: 1) | 200 OK [http://localhost/disks]


Processing DisksController#new (for 127.0.0.1 at 2010-03-20 00:28:34) [GET]
Rendering template within layouts/disks
Rendering disks/new
Completed in 17ms (View: 8, DB: 3) | 200 OK [http://localhost/disks/new]


Processing DisksController#new (for 127.0.0.1 at 2010-03-20 00:29:40) [GET]
Rendering template within layouts/disks
Rendering disks/new

ActionView::TemplateError (undefined local variable or method `disk' for #<ActionView::Base:0x48c6060>) on line #17 of app/views/disks/new.html.erb:
14:   </p>
15:   <p>
16:     <%= f.label :is_movie %><br />
17:     <%= link_to_function( check_box_tag disk[:is_movie] ) do |page| 
18:         page.toggle :model_attribute_name
19:     end-%>
20:   </p>

    app/views/disks/new.html.erb:17:in `block in _run_erb_app47views47disks47new46html46erb'
    app/views/disks/new.html.erb:4
    app/controllers/disks_controller.rb:29:in `new'
    <internal:prelude>:8:in `synchronize'
    C:/Ruby19/lib/ruby/1.9.1/webrick/httpserver.rb:111:in `service'
    C:/Ruby19/lib/ruby/1.9.1/webrick/httpserver.rb:70:in `run'
    C:/Ruby19/lib/ruby/1.9.1/webrick/server.rb:183:in `block in start_thread'

Rendered rescues/_trace (84.0ms)
Rendered rescues/_request_and_response (1.0ms)
Rendering rescues/layout (internal_server_error)


Processing DisksController#new (for 127.0.0.1 at 2010-03-20 00:29:59) [GET]
Rendering template within layouts/disks
Rendering disks/new
Completed in 27ms (View: 17, DB: 1) | 200 OK [http://localhost/disks/new]


Processing DisksController#new (for 127.0.0.1 at 2010-03-20 00:30:10) [GET]
Rendering template within layouts/disks
Rendering disks/new
Completed in 28ms (View: 18, DB: 2) | 200 OK [http://localhost/disks/new]


Processing DisksController#create (for 127.0.0.1 at 2010-03-20 00:30:29) [POST]
  Parameters: {"authenticity_token"=>"U9mTQb0hk+mwnz5QH7+RszysqaqSLNruiyY9zdqpn+I=", "disk"=>{"image"=>"1", "name"=>"1", "season"=>"2", "first_episode"=>"2", "first_title"=>"2"}, "commit"=>"Create"}
  [4;36;1mEXECUTE (0.0ms)[0m   [0;1mBEGIN TRANSACTION[0m
  [4;35;1mDisk Create (1.0ms)[0m   [0mINSERT INTO [disks] ([image], [name], [is_movie], [season], [first_episode], [first_title], [created_at], [updated_at]) VALUES('1', '1', NULL, 2, 2, 2, '2010-03-20 07:30:29.936', '2010-03-20 07:30:29.936')[0m
  [4;36;1mSQL (0.0ms)[0m   [0;1mSELECT SCOPE_IDENTITY() AS Ident[0m
  [4;35;1mEXECUTE (14.0ms)[0m   [0mCOMMIT TRANSACTION[0m
Redirected to http://localhost:3000/disks/5
Completed in 32ms (DB: 16) | 302 Found [http://localhost/disks]


Processing DisksController#show (for 127.0.0.1 at 2010-03-20 00:30:31) [GET]
  Parameters: {"id"=>"5"}
  [4;36;1mDisk Load (0.0ms)[0m   [0;1mSELECT * FROM [disks] WHERE ([disks].[id] = 5) [0m
Rendering template within layouts/disks
Rendering disks/show
Completed in 16ms (View: 4, DB: 2) | 200 OK [http://localhost/disks/5]


Processing DisksController#index (for 127.0.0.1 at 2010-03-20 00:30:34) [GET]
  [4;35;1mDisk Load (0.0ms)[0m   [0mSELECT * FROM [disks] [0m
Rendering template within layouts/disks
Rendering disks/index
Completed in 17ms (View: 6, DB: 2) | 200 OK [http://localhost/disks]


Processing DisksController#destroy (for 127.0.0.1 at 2010-03-20 00:30:37) [DELETE]
  Parameters: {"authenticity_token"=>"U9mTQb0hk+mwnz5QH7+RszysqaqSLNruiyY9zdqpn+I=", "id"=>"5"}
  [4;36;1mDisk Load (0.0ms)[0m   [0;1mSELECT * FROM [disks] WHERE ([disks].[id] = 5) [0m
  [4;35;1mEXECUTE (0.0ms)[0m   [0mBEGIN TRANSACTION[0m
  [4;36;1mDisk Destroy (1.0ms)[0m   [0;1mDELETE FROM [disks] WHERE [id] = 5[0m
  [4;35;1mSQL (0.0ms)[0m   [0mSELECT @@ROWCOUNT AS AffectedRows[0m
  [4;36;1mEXECUTE (0.0ms)[0m   [0;1mCOMMIT TRANSACTION[0m
Redirected to http://localhost:3000/disks
Completed in 14ms (DB: 3) | 302 Found [http://localhost/disks/5]


Processing DisksController#index (for 127.0.0.1 at 2010-03-20 00:30:37) [GET]
  [4;35;1mDisk Load (0.0ms)[0m   [0mSELECT * FROM [disks] [0m
Rendering template within layouts/disks
Rendering disks/index
Completed in 17ms (View: 6, DB: 1) | 200 OK [http://localhost/disks]


Processing DisksController#new (for 127.0.0.1 at 2010-03-20 00:30:38) [GET]
Rendering template within layouts/disks
Rendering disks/new
Completed in 18ms (View: 8, DB: 4) | 200 OK [http://localhost/disks/new]


Processing DisksController#create (for 127.0.0.1 at 2010-03-20 00:33:24) [POST]
  Parameters: {"authenticity_token"=>"U9mTQb0hk+mwnz5QH7+RszysqaqSLNruiyY9zdqpn+I=", "disk"=>{"image"=>"1", "name"=>"2", "season"=>" 3", "first_episode"=>"4", "first_title"=>"5"}, "commit"=>"Create"}
  [4;36;1mEXECUTE (1.0ms)[0m   [0;1mBEGIN TRANSACTION[0m
  [4;35;1mDisk Create (0.0ms)[0m   [0mINSERT INTO [disks] ([image], [name], [is_movie], [season], [first_episode], [first_title], [created_at], [updated_at]) VALUES('1', '2', NULL, 3, 4, 5, '2010-03-20 07:33:24.679', '2010-03-20 07:33:24.679')[0m
  [4;36;1mSQL (0.0ms)[0m   [0;1mSELECT SCOPE_IDENTITY() AS Ident[0m
  [4;35;1mEXECUTE (10.0ms)[0m   [0mCOMMIT TRANSACTION[0m
Redirected to http://localhost:3000/disks/6
Completed in 28ms (DB: 13) | 302 Found [http://localhost/disks]


Processing DisksController#show (for 127.0.0.1 at 2010-03-20 00:33:25) [GET]
  Parameters: {"id"=>"6"}
  [4;36;1mDisk Load (1.0ms)[0m   [0;1mSELECT * FROM [disks] WHERE ([disks].[id] = 6) [0m
Rendering template within layouts/disks
Rendering disks/show
Completed in 15ms (View: 5, DB: 2) | 200 OK [http://localhost/disks/6]


Processing DisksController#index (for 127.0.0.1 at 2010-03-20 00:33:53) [GET]
  [4;35;1mDisk Load (0.0ms)[0m   [0mSELECT * FROM [disks] [0m
Rendering template within layouts/disks
Rendering disks/index
Completed in 18ms (View: 6, DB: 1) | 200 OK [http://localhost/disks]


Processing DisksController#new (for 127.0.0.1 at 2010-03-20 00:33:55) [GET]
Rendering template within layouts/disks
Rendering disks/new
Completed in 17ms (View: 7, DB: 1) | 200 OK [http://localhost/disks/new]


Processing DisksController#create (for 127.0.0.1 at 2010-03-20 00:35:09) [POST]
  Parameters: {"authenticity_token"=>"U9mTQb0hk+mwnz5QH7+RszysqaqSLNruiyY9zdqpn+I=", "disk"=>{"image"=>"1", "name"=>"1", "season"=>"1", "first_episode"=>"1", "first_title"=>"1"}, "commit"=>"Create"}
  [4;36;1mEXECUTE (0.0ms)[0m   [0;1mBEGIN TRANSACTION[0m
  [4;35;1mDisk Create (1.0ms)[0m   [0mINSERT INTO [disks] ([image], [name], [is_movie], [season], [first_episode], [first_title], [created_at], [updated_at]) VALUES('1', '1', NULL, 1, 1, 1, '2010-03-20 07:35:09.743', '2010-03-20 07:35:09.743')[0m
  [4;36;1mSQL (1.0ms)[0m   [0;1mSELECT SCOPE_IDENTITY() AS Ident[0m
  [4;35;1mEXECUTE (1.0ms)[0m   [0mCOMMIT TRANSACTION[0m
Redirected to http://localhost:3000/disks/7
Completed in 19ms (DB: 5) | 302 Found [http://localhost/disks]


Processing DisksController#show (for 127.0.0.1 at 2010-03-20 00:35:10) [GET]
  Parameters: {"id"=>"7"}
  [4;36;1mDisk Load (0.0ms)[0m   [0;1mSELECT * FROM [disks] WHERE ([disks].[id] = 7) [0m
Rendering template within layouts/disks
Rendering disks/show
Completed in 16ms (View: 4, DB: 2) | 200 OK [http://localhost/disks/7]


Processing DisksController#show (for 127.0.0.1 at 2010-03-20 00:44:20) [GET]
  Parameters: {"id"=>"7"}
  [4;35;1mDisk Load (0.0ms)[0m   [0mSELECT * FROM [disks] WHERE ([disks].[id] = 7) [0m
Rendering template within layouts/disks
Rendering disks/show
Completed in 18ms (View: 6, DB: 2) | 200 OK [http://localhost/disks/7]


Processing DisksController#index (for 127.0.0.1 at 2010-03-20 00:44:22) [GET]
  [4;36;1mDisk Load (0.0ms)[0m   [0;1mSELECT * FROM [disks] [0m
Rendering template within layouts/disks
Rendering disks/index
Completed in 20ms (View: 7, DB: 3) | 200 OK [http://localhost/disks]


Processing DisksController#new (for 127.0.0.1 at 2010-03-20 00:44:23) [GET]
Rendering template within layouts/disks
Rendering disks/new

ActionView::TemplateError (undefined method `merge' for #<String:0x472e300>) on line #17 of app/views/disks/new.html.erb:
14:   </p>
15:   <p>
16:     <%= f.label :is_movie %><br />
17:     <%= f.check_box :is_movie, update_page { |page| 
18:       page[:model_attribute_name].toggle }
19:     %>
20:   </p>

    app/views/disks/new.html.erb:17:in `block in _run_erb_app47views47disks47new46html46erb'
    app/views/disks/new.html.erb:4
    app/controllers/disks_controller.rb:29:in `new'
    <internal:prelude>:8:in `synchronize'
    C:/Ruby19/lib/ruby/1.9.1/webrick/httpserver.rb:111:in `service'
    C:/Ruby19/lib/ruby/1.9.1/webrick/httpserver.rb:70:in `run'
    C:/Ruby19/lib/ruby/1.9.1/webrick/server.rb:183:in `block in start_thread'

Rendered rescues/_trace (86.0ms)
Rendered rescues/_request_and_response (1.0ms)
Rendering rescues/layout (internal_server_error)


Processing DisksController#new (for 127.0.0.1 at 2010-03-20 00:45:22) [GET]
Rendering template within layouts/disks
Rendering disks/new
Completed in 42ms (View: 25, DB: 5) | 200 OK [http://localhost/disks/new]


Processing DisksController#create (for 127.0.0.1 at 2010-03-20 00:45:31) [POST]
  Parameters: {"authenticity_token"=>"U9mTQb0hk+mwnz5QH7+RszysqaqSLNruiyY9zdqpn+I=", "disk"=>{"image"=>"1", "name"=>"23", "is_movie"=>"1", "season"=>"241", "first_episode"=>"213", "first_title"=>"4243"}, "commit"=>"Create"}
  [4;35;1mEXECUTE (0.0ms)[0m   [0mBEGIN TRANSACTION[0m
  [4;36;1mDisk Create (0.0ms)[0m   [0;1mINSERT INTO [disks] ([image], [name], [is_movie], [season], [first_episode], [first_title], [created_at], [updated_at]) VALUES('1', '23', 1, 241, 213, 4243, '2010-03-20 07:45:31.747', '2010-03-20 07:45:31.747')[0m
  [4;35;1mSQL (0.0ms)[0m   [0mSELECT SCOPE_IDENTITY() AS Ident[0m
  [4;36;1mEXECUTE (4.0ms)[0m   [0;1mCOMMIT TRANSACTION[0m
Redirected to http://localhost:3000/disks/8
Completed in 21ms (DB: 7) | 302 Found [http://localhost/disks]


Processing DisksController#show (for 127.0.0.1 at 2010-03-20 00:45:31) [GET]
  Parameters: {"id"=>"8"}
  [4;35;1mDisk Load (0.0ms)[0m   [0mSELECT * FROM [disks] WHERE ([disks].[id] = 8) [0m
Rendering template within layouts/disks
Rendering disks/show
Completed in 16ms (View: 5, DB: 2) | 200 OK [http://localhost/disks/8]


Processing DisksController#index (for 127.0.0.1 at 2010-03-20 00:45:35) [GET]
  [4;36;1mDisk Load (0.0ms)[0m   [0;1mSELECT * FROM [disks] [0m
Rendering template within layouts/disks
Rendering disks/index
Completed in 20ms (View: 7, DB: 3) | 200 OK [http://localhost/disks]


Processing DisksController#destroy (for 127.0.0.1 at 2010-03-20 00:47:15) [DELETE]
  Parameters: {"authenticity_token"=>"U9mTQb0hk+mwnz5QH7+RszysqaqSLNruiyY9zdqpn+I=", "id"=>"6"}
  [4;35;1mDisk Load (0.0ms)[0m   [0mSELECT * FROM [disks] WHERE ([disks].[id] = 6) [0m
  [4;36;1mEXECUTE (0.0ms)[0m   [0;1mBEGIN TRANSACTION[0m
  [4;35;1mDisk Destroy (1.0ms)[0m   [0mDELETE FROM [disks] WHERE [id] = 6[0m
  [4;36;1mSQL (1.0ms)[0m   [0;1mSELECT @@ROWCOUNT AS AffectedRows[0m
  [4;35;1mEXECUTE (1.0ms)[0m   [0mCOMMIT TRANSACTION[0m
Redirected to http://localhost:3000/disks
Completed in 15ms (DB: 6) | 302 Found [http://localhost/disks/6]


Processing DisksController#index (for 127.0.0.1 at 2010-03-20 00:47:16) [GET]
  [4;36;1mDisk Load (0.0ms)[0m   [0;1mSELECT * FROM [disks] [0m
Rendering template within layouts/disks
Rendering disks/index
Completed in 19ms (View: 7, DB: 1) | 200 OK [http://localhost/disks]


Processing DisksController#destroy (for 127.0.0.1 at 2010-03-20 00:47:18) [DELETE]
  Parameters: {"authenticity_token"=>"U9mTQb0hk+mwnz5QH7+RszysqaqSLNruiyY9zdqpn+I=", "id"=>"7"}
  [4;35;1mDisk Load (0.0ms)[0m   [0mSELECT * FROM [disks] WHERE ([disks].[id] = 7) [0m
  [4;36;1mEXECUTE (0.0ms)[0m   [0;1mBEGIN TRANSACTION[0m
  [4;35;1mDisk Destroy (0.0ms)[0m   [0mDELETE FROM [disks] WHERE [id] = 7[0m
  [4;36;1mSQL (0.0ms)[0m   [0;1mSELECT @@ROWCOUNT AS AffectedRows[0m
  [4;35;1mEXECUTE (0.0ms)[0m   [0mCOMMIT TRANSACTION[0m
Redirected to http://localhost:3000/disks
Completed in 14ms (DB: 1) | 302 Found [http://localhost/disks/7]


Processing DisksController#index (for 127.0.0.1 at 2010-03-20 00:47:18) [GET]
  [4;36;1mDisk Load (0.0ms)[0m   [0;1mSELECT * FROM [disks] [0m
Rendering template within layouts/disks
Rendering disks/index
Completed in 19ms (View: 6, DB: 3) | 200 OK [http://localhost/disks]


Processing DisksController#edit (for 127.0.0.1 at 2010-03-20 00:47:20) [GET]
  Parameters: {"id"=>"8"}
  [4;35;1mDisk Load (1.0ms)[0m   [0mSELECT * FROM [disks] WHERE ([disks].[id] = 8) [0m
Rendering template within layouts/disks
Rendering disks/edit
Completed in 27ms (View: 16, DB: 2) | 200 OK [http://localhost/disks/8/edit]


Processing DisksController#index (for 127.0.0.1 at 2010-03-20 00:47:30) [GET]
  [4;36;1mDisk Load (0.0ms)[0m   [0;1mSELECT * FROM [disks] [0m
Rendering template within layouts/disks
Rendering disks/index
Completed in 19ms (View: 6, DB: 3) | 200 OK [http://localhost/disks]


Processing DisksController#new (for 127.0.0.1 at 2010-03-20 00:47:44) [GET]
Rendering template within layouts/disks
Rendering disks/new
Completed in 17ms (View: 7, DB: 1) | 200 OK [http://localhost/disks/new]


Processing DisksController#new (for 127.0.0.1 at 2010-03-20 00:48:26) [GET]
Rendering template within layouts/disks
Rendering disks/new
Completed in 28ms (View: 17, DB: 1) | 200 OK [http://localhost/disks/new]


Processing DisksController#index (for 127.0.0.1 at 2010-03-20 00:57:49) [GET]
  [4;35;1mDisk Load (0.0ms)[0m   [0mSELECT * FROM [disks] [0m
Rendering template within layouts/disks
Rendering disks/index
Completed in 35ms (View: 24, DB: 2) | 200 OK [http://localhost/disks]


Processing ApplicationController#index (for 127.0.0.1 at 2010-03-20 00:57:49) [GET]

ActionController::RoutingError (No route matches "/stylesheets/dvdripbot.css" with {:method=>:get}):
  <internal:prelude>:8:in `synchronize'
  C:/Ruby19/lib/ruby/1.9.1/webrick/httpserver.rb:111:in `service'
  C:/Ruby19/lib/ruby/1.9.1/webrick/httpserver.rb:70:in `run'
  C:/Ruby19/lib/ruby/1.9.1/webrick/server.rb:183:in `block in start_thread'

Rendering rescues/layout (not_found)


Processing DisksController#index (for 127.0.0.1 at 2010-03-20 00:58:15) [GET]
  [4;36;1mDisk Load (0.0ms)[0m   [0;1mSELECT * FROM [disks] [0m
Rendering template within layouts/disks
Rendering disks/index
Completed in 29ms (View: 18, DB: 2) | 200 OK [http://localhost/disks]


Processing ApplicationController#index (for 127.0.0.1 at 2010-03-20 00:58:15) [GET]

ActionController::RoutingError (No route matches "/stylesheets/dvdripbot.css" with {:method=>:get}):
  <internal:prelude>:8:in `synchronize'
  C:/Ruby19/lib/ruby/1.9.1/webrick/httpserver.rb:111:in `service'
  C:/Ruby19/lib/ruby/1.9.1/webrick/httpserver.rb:70:in `run'
  C:/Ruby19/lib/ruby/1.9.1/webrick/server.rb:183:in `block in start_thread'

Rendering rescues/layout (not_found)


Processing DisksController#index (for 127.0.0.1 at 2010-03-20 00:58:41) [GET]
  [4;35;1mDisk Load (1.0ms)[0m   [0mSELECT * FROM [disks] [0m
Rendering template within layouts/disks
Rendering disks/index
Completed in 26ms (View: 15, DB: 4) | 200 OK [http://localhost/disks]


Processing ApplicationController#index (for 127.0.0.1 at 2010-03-20 00:58:42) [GET]

ActionController::RoutingError (No route matches "/stylesheets/dvdripbot.css" with {:method=>:get}):
  <internal:prelude>:8:in `synchronize'
  C:/Ruby19/lib/ruby/1.9.1/webrick/httpserver.rb:111:in `service'
  C:/Ruby19/lib/ruby/1.9.1/webrick/httpserver.rb:70:in `run'
  C:/Ruby19/lib/ruby/1.9.1/webrick/server.rb:183:in `block in start_thread'

Rendering rescues/layout (not_found)


Processing DisksController#index (for 127.0.0.1 at 2010-03-20 00:58:56) [GET]
  [4;36;1mDisk Load (0.0ms)[0m   [0;1mSELECT * FROM [disks] [0m
Rendering template within layouts/disks
Rendering disks/index
Completed in 25ms (View: 15, DB: 1) | 200 OK [http://localhost/disks]


Processing ApplicationController#index (for 127.0.0.1 at 2010-03-20 00:58:56) [GET]

ActionController::RoutingError (No route matches "/stylesheets/dvdripbot.css" with {:method=>:get}):
  <internal:prelude>:8:in `synchronize'
  C:/Ruby19/lib/ruby/1.9.1/webrick/httpserver.rb:111:in `service'
  C:/Ruby19/lib/ruby/1.9.1/webrick/httpserver.rb:70:in `run'
  C:/Ruby19/lib/ruby/1.9.1/webrick/server.rb:183:in `block in start_thread'

Rendering rescues/layout (not_found)


Processing DisksController#index (for 127.0.0.1 at 2010-03-20 01:03:40) [GET]
  [4;35;1mDisk Load (1.0ms)[0m   [0mSELECT * FROM [disks] [0m
Rendering template within layouts/disks
Rendering disks/index
Completed in 26ms (View: 15, DB: 2) | 200 OK [http://localhost/disks]


Processing DisksController#index (for 127.0.0.1 at 2010-03-20 01:04:54) [GET]
  [4;36;1mDisk Load (0.0ms)[0m   [0;1mSELECT * FROM [disks] [0m
Rendering template within layouts/disks
Rendering disks/index
Completed in 20ms (View: 7, DB: 4) | 200 OK [http://localhost/disks]


Processing DisksController#index (for 127.0.0.1 at 2010-03-20 01:05:20) [GET]
  [4;35;1mDisk Load (0.0ms)[0m   [0mSELECT * FROM [disks] [0m
Rendering template within layouts/disks
Rendering disks/index
Completed in 17ms (View: 6, DB: 3) | 200 OK [http://localhost/disks]


Processing DisksController#index (for 127.0.0.1 at 2010-03-20 01:06:22) [GET]
  [4;36;1mDisk Load (1.0ms)[0m   [0;1mSELECT * FROM [disks] [0m
Rendering template within layouts/disks
Rendering disks/index
Completed in 18ms (View: 7, DB: 2) | 200 OK [http://localhost/disks]


Processing DisksController#index (for 127.0.0.1 at 2010-03-20 01:06:46) [GET]
  [4;35;1mDisk Load (0.0ms)[0m   [0mSELECT * FROM [disks] [0m
Rendering template within layouts/disks
Rendering disks/index
Completed in 17ms (View: 7, DB: 1) | 200 OK [http://localhost/disks]


Processing DisksController#new (for 127.0.0.1 at 2010-03-20 01:07:20) [GET]
Rendering template within layouts/disks
Rendering disks/new
Completed in 18ms (View: 8, DB: 1) | 200 OK [http://localhost/disks/new]


Processing DisksController#create (for 127.0.0.1 at 2010-03-20 01:07:24) [POST]
  Parameters: {"authenticity_token"=>"U9mTQb0hk+mwnz5QH7+RszysqaqSLNruiyY9zdqpn+I=", "disk"=>{"image"=>"231", "name"=>"2131", "is_movie"=>"1", "season"=>"", "first_episode"=>"", "first_title"=>""}, "commit"=>"Create"}
  [4;36;1mEXECUTE (0.0ms)[0m   [0;1mBEGIN TRANSACTION[0m
  [4;35;1mDisk Load (36.0ms)[0m   [0mSELECT TOP 1 [disks].id FROM [disks] WHERE ([disks].[image] COLLATE Latin1_General_CS_AS = '231') [0m
  [4;36;1mDisk Create (2.0ms)[0m   [0;1mINSERT INTO [disks] ([image], [name], [is_movie], [season], [first_episode], [first_title], [created_at], [updated_at]) VALUES('231', '2131', 1, NULL, NULL, NULL, '2010-03-20 08:07:24.752', '2010-03-20 08:07:24.752')[0m
  [4;35;1mSQL (0.0ms)[0m   [0mSELECT SCOPE_IDENTITY() AS Ident[0m
  [4;36;1mEXECUTE (85.0ms)[0m   [0;1mCOMMIT TRANSACTION[0m
Redirected to http://localhost:3000/disks/9
Completed in 142ms (DB: 125) | 302 Found [http://localhost/disks]


Processing DisksController#show (for 127.0.0.1 at 2010-03-20 01:07:25) [GET]
  Parameters: {"id"=>"9"}
  [4;35;1mDisk Load (0.0ms)[0m   [0mSELECT * FROM [disks] WHERE ([disks].[id] = 9) [0m
Rendering template within layouts/disks
Rendering disks/show
Completed in 16ms (View: 5, DB: 2) | 200 OK [http://localhost/disks/9]


Processing DisksController#index (for 127.0.0.1 at 2010-03-20 01:07:28) [GET]
  [4;36;1mDisk Load (0.0ms)[0m   [0;1mSELECT * FROM [disks] [0m
Rendering template within layouts/disks
Rendering disks/index
Completed in 18ms (View: 7, DB: 1) | 200 OK [http://localhost/disks]


Processing DisksController#edit (for 127.0.0.1 at 2010-03-20 01:08:45) [GET]
  Parameters: {"id"=>"8"}
  [4;35;1mDisk Load (0.0ms)[0m   [0mSELECT * FROM [disks] WHERE ([disks].[id] = 8) [0m
Rendering template within layouts/disks
Rendering disks/edit
Completed in 18ms (View: 7, DB: 2) | 200 OK [http://localhost/disks/8/edit]


Processing DisksController#update (for 127.0.0.1 at 2010-03-20 01:08:52) [PUT]
  Parameters: {"authenticity_token"=>"U9mTQb0hk+mwnz5QH7+RszysqaqSLNruiyY9zdqpn+I=", "disk"=>{"image"=>"1", "name"=>"23", "is_movie"=>"1", "season"=>"241", "first_episode"=>"213", "first_title"=>"4243"}, "commit"=>"Update", "id"=>"8"}
  [4;36;1mDisk Load (1.0ms)[0m   [0;1mSELECT * FROM [disks] WHERE ([disks].[id] = 8) [0m
  [4;35;1mEXECUTE (0.0ms)[0m   [0mBEGIN TRANSACTION[0m
  [4;36;1mDisk Load (2.0ms)[0m   [0;1mSELECT TOP 1 [disks].id FROM [disks] WHERE ([disks].[image] COLLATE Latin1_General_CS_AS = '1' AND [disks].id <> 8) [0m
  [4;35;1mEXECUTE (1.0ms)[0m   [0mCOMMIT TRANSACTION[0m
Redirected to http://localhost:3000/disks/8
Completed in 20ms (DB: 5) | 302 Found [http://localhost/disks/8]


Processing DisksController#show (for 127.0.0.1 at 2010-03-20 01:08:53) [GET]
  Parameters: {"id"=>"8"}
  [4;36;1mDisk Load (0.0ms)[0m   [0;1mSELECT * FROM [disks] WHERE ([disks].[id] = 8) [0m
Rendering template within layouts/disks
Rendering disks/show
Completed in 16ms (View: 5, DB: 2) | 200 OK [http://localhost/disks/8]


Processing DisksController#index (for 127.0.0.1 at 2010-03-20 01:08:55) [GET]
  [4;35;1mDisk Load (0.0ms)[0m   [0mSELECT * FROM [disks] [0m
Rendering template within layouts/disks
Rendering disks/index
Completed in 19ms (View: 7, DB: 3) | 200 OK [http://localhost/disks]


Processing DisksController#edit (for 127.0.0.1 at 2010-03-20 01:18:08) [GET]
  Parameters: {"id"=>"1"}
  [4;36;1mDisk Load (0.0ms)[0m   [0;1mSELECT * FROM [disks] WHERE ([disks].[id] = 1) [0m
Rendering template within layouts/disks
Rendering disks/edit

ActionView::TemplateError (undefined local variable or method `f' for #<ActionView::Base:0x4861ba0>) on line #2 of app/views/disks/_disk_form.html.erb:
1: <p>
2:   <%= f.label :image %><br />
3:   <%= f.text_field :image %>
4: </p>
5: <p>

    app/views/disks/_disk_form.html.erb:2
    app/views/disks/edit.html.erb:6:in `block in _run_erb_app47views47disks47edit46html46erb'
    app/views/disks/edit.html.erb:3
    <internal:prelude>:8:in `synchronize'
    C:/Ruby19/lib/ruby/1.9.1/webrick/httpserver.rb:111:in `service'
    C:/Ruby19/lib/ruby/1.9.1/webrick/httpserver.rb:70:in `run'
    C:/Ruby19/lib/ruby/1.9.1/webrick/server.rb:183:in `block in start_thread'

Rendered rescues/_trace (94.0ms)
Rendered rescues/_request_and_response (0.0ms)
Rendering rescues/layout (internal_server_error)


Processing DisksController#edit (for 127.0.0.1 at 2010-03-20 01:19:26) [GET]
  Parameters: {"id"=>"1"}
  [4;35;1mDisk Load (0.0ms)[0m   [0mSELECT * FROM [disks] WHERE ([disks].[id] = 1) [0m
Rendering template within layouts/disks
Rendering disks/edit

ActionView::TemplateError (undefined method `text_disk_formield' for #<ActionView::Helpers::FormBuilder:0x4818b00>) on line #3 of app/views/disks/_disk_form.html.erb:
1: <p>
2:   <%= disk_form.label :image %><br />
3:   <%= disk_form.text_disk_formield :image %>
4: </p>
5: <p>
6:   <%= disk_form.label :name %><br />

    app/views/disks/_disk_form.html.erb:3
    app/views/disks/edit.html.erb:6:in `block in _run_erb_app47views47disks47edit46html46erb'
    app/views/disks/edit.html.erb:3
    <internal:prelude>:8:in `synchronize'
    C:/Ruby19/lib/ruby/1.9.1/webrick/httpserver.rb:111:in `service'
    C:/Ruby19/lib/ruby/1.9.1/webrick/httpserver.rb:70:in `run'
    C:/Ruby19/lib/ruby/1.9.1/webrick/server.rb:183:in `block in start_thread'

Rendered rescues/_trace (94.0ms)
Rendered rescues/_request_and_response (0.0ms)
Rendering rescues/layout (internal_server_error)


Processing DisksController#edit (for 127.0.0.1 at 2010-03-20 01:20:21) [GET]
  Parameters: {"id"=>"1"}
  [4;36;1mDisk Load (1.0ms)[0m   [0;1mSELECT * FROM [disks] WHERE ([disks].[id] = 1) [0m
Rendering template within layouts/disks
Rendering disks/edit
Rendered disks/_disk_form (3.0ms)
Completed in 27ms (View: 17, DB: 2) | 200 OK [http://localhost/disks/1/edit]


Processing DisksController#edit (for 127.0.0.1 at 2010-03-20 01:21:00) [GET]
  Parameters: {"id"=>"1"}
  [4;35;1mDisk Load (0.0ms)[0m   [0mSELECT * FROM [disks] WHERE ([disks].[id] = 1) [0m
Rendering template within layouts/disks
Rendering disks/edit
Rendered disks/_disk_form (3.0ms)
Completed in 28ms (View: 17, DB: 2) | 200 OK [http://localhost/disks/1/edit]


Processing DisksController#index (for 127.0.0.1 at 2010-03-20 01:21:58) [GET]
  [4;36;1mDisk Load (0.0ms)[0m   [0;1mSELECT * FROM [disks] [0m
Rendering template within layouts/disks
Rendering disks/index
Completed in 20ms (View: 7, DB: 2) | 200 OK [http://localhost/disks]


Processing DisksController#new (for 127.0.0.1 at 2010-03-20 01:22:00) [GET]
Rendering template within layouts/disks
Rendering disks/new
Completed in 19ms (View: 9, DB: 3) | 200 OK [http://localhost/disks/new]


Processing DisksController#new (for 127.0.0.1 at 2010-03-20 01:22:09) [GET]
Rendering template within layouts/disks
Rendering disks/new
Completed in 20ms (View: 9, DB: 1) | 200 OK [http://localhost/disks/new]


Processing DisksController#index (for 127.0.0.1 at 2010-03-20 01:22:42) [GET]
  [4;35;1mDisk Load (0.0ms)[0m   [0mSELECT * FROM [disks] [0m
Rendering template within layouts/disks
Rendering disks/index
Completed in 19ms (View: 8, DB: 1) | 200 OK [http://localhost/disks]


Processing DisksController#edit (for 127.0.0.1 at 2010-03-20 01:22:44) [GET]
  Parameters: {"id"=>"8"}
  [4;36;1mDisk Load (0.0ms)[0m   [0;1mSELECT * FROM [disks] WHERE ([disks].[id] = 8) [0m
Rendering template within layouts/disks
Rendering disks/edit
Rendered disks/_disk_form (2.0ms)
Completed in 18ms (View: 8, DB: 2) | 200 OK [http://localhost/disks/8/edit]


Processing DisksController#edit (for 127.0.0.1 at 2010-03-20 01:23:39) [GET]
  Parameters: {"id"=>"8"}
  [4;35;1mDisk Load (0.0ms)[0m   [0mSELECT * FROM [disks] WHERE ([disks].[id] = 8) [0m
Rendering template within layouts/disks
Rendering disks/edit
Rendered disks/_disk_form (2.0ms)
Completed in 20ms (View: 8, DB: 3) | 200 OK [http://localhost/disks/8/edit]


Processing DisksController#index (for 127.0.0.1 at 2010-03-20 01:23:42) [GET]
  [4;36;1mDisk Load (0.0ms)[0m   [0;1mSELECT * FROM [disks] [0m
Rendering template within layouts/disks
Rendering disks/index
Completed in 20ms (View: 9, DB: 4) | 200 OK [http://localhost/disks]


Processing DisksController#new (for 127.0.0.1 at 2010-03-20 01:23:45) [GET]
Rendering template within layouts/disks
Rendering disks/new
Completed in 18ms (View: 7, DB: 2) | 200 OK [http://localhost/disks/new]


Processing DisksController#edit (for 127.0.0.1 at 2010-03-20 01:24:51) [GET]
  Parameters: {"id"=>"8"}
  [4;35;1mDisk Load (0.0ms)[0m   [0mSELECT * FROM [disks] WHERE ([disks].[id] = 8) [0m
Rendering template within layouts/disks
Rendering disks/edit
Rendered disks/_disk_form (2.0ms)
Completed in 29ms (View: 17, DB: 2) | 200 OK [http://localhost/disks/8/edit]


Processing DisksController#edit (for 127.0.0.1 at 2010-03-20 01:25:18) [GET]
  Parameters: {"id"=>"8"}
  [4;36;1mDisk Load (1.0ms)[0m   [0;1mSELECT * FROM [disks] WHERE ([disks].[id] = 8) [0m
Rendering template within layouts/disks
Rendering disks/edit
Rendered disks/_disk_form (5.0ms)
Completed in 37ms (View: 27, DB: 2) | 200 OK [http://localhost/disks/8/edit]


Processing DisksController#update (for 127.0.0.1 at 2010-03-20 01:25:24) [PUT]
  Parameters: {"authenticity_token"=>"U9mTQb0hk+mwnz5QH7+RszysqaqSLNruiyY9zdqpn+I=", "disk"=>{"image"=>"1", "name"=>"23", "is_movie"=>"1", "season"=>"241", "first_episode"=>"213", "first_title"=>"4243"}, "commit"=>"Update", "id"=>"8"}
  [4;35;1mDisk Load (0.0ms)[0m   [0mSELECT * FROM [disks] WHERE ([disks].[id] = 8) [0m
  [4;36;1mEXECUTE (1.0ms)[0m   [0;1mBEGIN TRANSACTION[0m
  [4;35;1mDisk Load (1.0ms)[0m   [0mSELECT TOP 1 [disks].id FROM [disks] WHERE ([disks].[image] COLLATE Latin1_General_CS_AS = '1' AND [disks].id <> 8) [0m
  [4;36;1mEXECUTE (0.0ms)[0m   [0;1mCOMMIT TRANSACTION[0m
Redirected to http://localhost:3000/disks/8
Completed in 17ms (DB: 4) | 302 Found [http://localhost/disks/8]


Processing DisksController#show (for 127.0.0.1 at 2010-03-20 01:25:24) [GET]
  Parameters: {"id"=>"8"}
  [4;35;1mDisk Load (0.0ms)[0m   [0mSELECT * FROM [disks] WHERE ([disks].[id] = 8) [0m
Rendering template within layouts/disks
Rendering disks/show
Completed in 15ms (View: 4, DB: 1) | 200 OK [http://localhost/disks/8]


Processing DisksController#edit (for 127.0.0.1 at 2010-03-20 01:25:36) [GET]
  Parameters: {"id"=>"8"}
  [4;36;1mDisk Load (1.0ms)[0m   [0;1mSELECT * FROM [disks] WHERE ([disks].[id] = 8) [0m
Rendering template within layouts/disks
Rendering disks/edit
Rendered disks/_disk_form (3.0ms)
Completed in 21ms (View: 9, DB: 3) | 200 OK [http://localhost/disks/8/edit]


Processing DisksController#new (for 127.0.0.1 at 2010-03-20 01:28:41) [GET]
Rendering template within layouts/disks
Rendering disks/new
Completed in 27ms (View: 17, DB: 2) | 200 OK [http://localhost/disks/new]


Processing DisksController#new (for 127.0.0.1 at 2010-03-20 01:29:12) [GET]
Rendering template within layouts/disks
Rendering disks/new
Completed in 17ms (View: 7, DB: 1) | 200 OK [http://localhost/disks/new]


Processing DisksController#new (for 127.0.0.1 at 2010-03-20 01:29:37) [GET]
Rendering template within layouts/disks
Rendering disks/new
Completed in 27ms (View: 16, DB: 4) | 200 OK [http://localhost/disks/new]


Processing DisksController#new (for 127.0.0.1 at 2010-03-20 01:29:58) [GET]
Rendering template within layouts/disks
Rendering disks/new
Completed in 26ms (View: 16, DB: 1) | 200 OK [http://localhost/disks/new]


Processing DisksController#new (for 127.0.0.1 at 2010-03-20 01:30:10) [GET]
Rendering template within layouts/disks
Rendering disks/new
Completed in 27ms (View: 17, DB: 2) | 200 OK [http://localhost/disks/new]


Processing DisksController#new (for 127.0.0.1 at 2010-03-20 01:31:06) [GET]
Rendering template within layouts/disks
Rendering disks/new
Rendered disks/_disk_form (5.0ms)
Completed in 38ms (View: 26, DB: 1) | 200 OK [http://localhost/disks/new]


Processing DisksController#create (for 127.0.0.1 at 2010-03-20 01:31:13) [POST]
  Parameters: {"authenticity_token"=>"U9mTQb0hk+mwnz5QH7+RszysqaqSLNruiyY9zdqpn+I=", "disk"=>{"image"=>"312", "name"=>"121", "is_movie"=>"1", "season"=>"", "first_episode"=>"", "first_title"=>""}, "commit"=>"Create"}
  [4;35;1mEXECUTE (0.0ms)[0m   [0mBEGIN TRANSACTION[0m
  [4;36;1mDisk Load (1.0ms)[0m   [0;1mSELECT TOP 1 [disks].id FROM [disks] WHERE ([disks].[image] COLLATE Latin1_General_CS_AS = '312') [0m
  [4;35;1mDisk Create (0.0ms)[0m   [0mINSERT INTO [disks] ([image], [name], [is_movie], [season], [first_episode], [first_title], [created_at], [updated_at]) VALUES('312', '121', 1, NULL, NULL, NULL, '2010-03-20 08:31:13.180', '2010-03-20 08:31:13.180')[0m
  [4;36;1mSQL (0.0ms)[0m   [0;1mSELECT SCOPE_IDENTITY() AS Ident[0m
  [4;35;1mEXECUTE (3.0ms)[0m   [0mCOMMIT TRANSACTION[0m
Redirected to http://localhost:3000/disks/10
Completed in 22ms (DB: 7) | 302 Found [http://localhost/disks]


Processing DisksController#show (for 127.0.0.1 at 2010-03-20 01:31:13) [GET]
  Parameters: {"id"=>"10"}
  [4;36;1mDisk Load (0.0ms)[0m   [0;1mSELECT * FROM [disks] WHERE ([disks].[id] = 10) [0m
Rendering template within layouts/disks
Rendering disks/show
Completed in 15ms (View: 4, DB: 1) | 200 OK [http://localhost/disks/10]


Processing DisksController#index (for 127.0.0.1 at 2010-03-20 01:31:20) [GET]
  [4;35;1mDisk Load (0.0ms)[0m   [0mSELECT * FROM [disks] [0m
Rendering template within layouts/disks
Rendering disks/index
Completed in 20ms (View: 9, DB: 1) | 200 OK [http://localhost/disks]


Processing DisksController#edit (for 127.0.0.1 at 2010-03-20 01:31:28) [GET]
  Parameters: {"id"=>"8"}
  [4;36;1mDisk Load (0.0ms)[0m   [0;1mSELECT * FROM [disks] WHERE ([disks].[id] = 8) [0m
Rendering template within layouts/disks
Rendering disks/edit
Rendered disks/_disk_form (3.0ms)
Completed in 30ms (View: 19, DB: 2) | 200 OK [http://localhost/disks/8/edit]


Processing DisksController#edit (for 127.0.0.1 at 2010-03-20 01:31:51) [GET]
  Parameters: {"id"=>"8"}
  [4;35;1mDisk Load (0.0ms)[0m   [0mSELECT * FROM [disks] WHERE ([disks].[id] = 8) [0m
Rendering template within layouts/disks
Rendering disks/edit
Rendered disks/_disk_form (4.0ms)
Completed in 31ms (View: 20, DB: 1) | 200 OK [http://localhost/disks/8/edit]


Processing DisksController#edit (for 127.0.0.1 at 2010-03-20 01:32:21) [GET]
  Parameters: {"id"=>"8"}
  [4;36;1mDisk Load (1.0ms)[0m   [0;1mSELECT * FROM [disks] WHERE ([disks].[id] = 8) [0m
Rendering template within layouts/disks
Rendering disks/edit
Rendered disks/_disk_form (5.0ms)
Completed in 30ms (View: 20, DB: 2) | 200 OK [http://localhost/disks/8/edit]


Processing DisksController#edit (for 127.0.0.1 at 2010-03-20 01:32:43) [GET]
  Parameters: {"id"=>"8"}
  [4;35;1mDisk Load (0.0ms)[0m   [0mSELECT * FROM [disks] WHERE ([disks].[id] = 8) [0m
Rendering template within layouts/disks
Rendering disks/edit
Rendered disks/_disk_form (5.0ms)
Completed in 31ms (View: 21, DB: 1) | 200 OK [http://localhost/disks/8/edit]


Processing DisksController#edit (for 127.0.0.1 at 2010-03-20 01:33:16) [GET]
  Parameters: {"id"=>"8"}
  [4;36;1mDisk Load (1.0ms)[0m   [0;1mSELECT * FROM [disks] WHERE ([disks].[id] = 8) [0m
Rendering template within layouts/disks
Rendering disks/edit

ActionView::TemplateError (undefined method `[]' for #<ActionView::Helpers::FormBuilder:0x4702de0>) on line #13 of app/views/disks/_disk_form.html.erb:
10:   <p>
11:     <%= disk_form.label :is_movie %><br />
12:     <%= disk_form.check_box :is_movie, :onclick => update_page { |page| 
13:       puts disk_form[:is_movie]
14:       if :is_movie? then
15:         page[:model_is_tvshow].hide
16:       else

    app/views/disks/_disk_form.html.erb:13:in `block in _run_erb_app47views47disks47_disk_form46html46erb_locals_disk_form_object'
    app/views/disks/_disk_form.html.erb:12
    app/views/disks/edit.html.erb:7:in `block in _run_erb_app47views47disks47edit46html46erb'
    app/views/disks/edit.html.erb:4
    <internal:prelude>:8:in `synchronize'
    C:/Ruby19/lib/ruby/1.9.1/webrick/httpserver.rb:111:in `service'
    C:/Ruby19/lib/ruby/1.9.1/webrick/httpserver.rb:70:in `run'
    C:/Ruby19/lib/ruby/1.9.1/webrick/server.rb:183:in `block in start_thread'

Rendered rescues/_trace (110.0ms)
Rendered rescues/_request_and_response (0.0ms)
Rendering rescues/layout (internal_server_error)


Processing DisksController#edit (for 127.0.0.1 at 2010-03-20 01:34:00) [GET]
  Parameters: {"id"=>"8"}
  [4;35;1mDisk Load (0.0ms)[0m   [0mSELECT * FROM [disks] WHERE ([disks].[id] = 8) [0m
Rendering template within layouts/disks
Rendering disks/edit
Rendered disks/_disk_form (5.0ms)
Completed in 30ms (View: 20, DB: 1) | 200 OK [http://localhost/disks/8/edit]


Processing DisksController#edit (for 127.0.0.1 at 2010-03-20 01:34:36) [GET]
  Parameters: {"id"=>"8"}
  [4;36;1mDisk Load (1.0ms)[0m   [0;1mSELECT * FROM [disks] WHERE ([disks].[id] = 8) [0m
Rendering template within layouts/disks
Rendering disks/edit
Rendered disks/_disk_form (5.0ms)
Completed in 31ms (View: 20, DB: 2) | 200 OK [http://localhost/disks/8/edit]


Processing DisksController#edit (for 127.0.0.1 at 2010-03-20 01:34:58) [GET]
  Parameters: {"id"=>"8"}
  [4;35;1mDisk Load (0.0ms)[0m   [0mSELECT * FROM [disks] WHERE ([disks].[id] = 8) [0m
Rendering template within layouts/disks
Rendering disks/edit
Rendered disks/_disk_form (5.0ms)
Completed in 31ms (View: 20, DB: 2) | 200 OK [http://localhost/disks/8/edit]


Processing DisksController#edit (for 127.0.0.1 at 2010-03-20 01:35:49) [GET]
  Parameters: {"id"=>"8"}
  [4;36;1mDisk Load (0.0ms)[0m   [0;1mSELECT * FROM [disks] WHERE ([disks].[id] = 8) [0m
Rendering template within layouts/disks
Rendering disks/edit
Rendered disks/_disk_form (5.0ms)
Completed in 31ms (View: 20, DB: 1) | 200 OK [http://localhost/disks/8/edit]


Processing DisksController#edit (for 127.0.0.1 at 2010-03-20 01:36:26) [GET]
  Parameters: {"id"=>"8"}
  [4;35;1mDisk Load (0.0ms)[0m   [0mSELECT * FROM [disks] WHERE ([disks].[id] = 8) [0m
Rendering template within layouts/disks
Rendering disks/edit
Rendered disks/_disk_form (5.0ms)
Completed in 31ms (View: 20, DB: 4) | 200 OK [http://localhost/disks/8/edit]


Processing DisksController#edit (for 127.0.0.1 at 2010-03-20 01:36:47) [GET]
  Parameters: {"id"=>"8"}
  [4;36;1mDisk Load (0.0ms)[0m   [0;1mSELECT * FROM [disks] WHERE ([disks].[id] = 8) [0m
Rendering template within layouts/disks
Rendering disks/edit
Rendered disks/_disk_form (4.0ms)
Completed in 31ms (View: 20, DB: 2) | 200 OK [http://localhost/disks/8/edit]


Processing DisksController#edit (for 127.0.0.1 at 2010-03-20 01:37:59) [GET]
  Parameters: {"id"=>"8"}
  [4;35;1mDisk Load (0.0ms)[0m   [0mSELECT * FROM [disks] WHERE ([disks].[id] = 8) [0m
Rendering template within layouts/disks
Rendering disks/edit
Rendered disks/_disk_form (5.0ms)
Completed in 31ms (View: 20, DB: 1) | 200 OK [http://localhost/disks/8/edit]


Processing DisksController#update (for 127.0.0.1 at 2010-03-20 01:38:23) [PUT]
  Parameters: {"authenticity_token"=>"U9mTQb0hk+mwnz5QH7+RszysqaqSLNruiyY9zdqpn+I=", "disk"=>{"image"=>"1", "name"=>"23", "is_movie"=>"1", "season"=>"241", "first_episode"=>"213", "first_title"=>"4243"}, "commit"=>"Update", "id"=>"8"}
  [4;36;1mDisk Load (0.0ms)[0m   [0;1mSELECT * FROM [disks] WHERE ([disks].[id] = 8) [0m
  [4;35;1mEXECUTE (1.0ms)[0m   [0mBEGIN TRANSACTION[0m
  [4;36;1mDisk Load (0.0ms)[0m   [0;1mSELECT TOP 1 [disks].id FROM [disks] WHERE ([disks].[image] COLLATE Latin1_General_CS_AS = '1' AND [disks].id <> 8) [0m
  [4;35;1mEXECUTE (0.0ms)[0m   [0mCOMMIT TRANSACTION[0m
Redirected to http://localhost:3000/disks/8
Completed in 234ms (DB: 5) | 302 Found [http://localhost/disks/8]


Processing DisksController#show (for 127.0.0.1 at 2010-03-20 01:38:24) [GET]
  Parameters: {"id"=>"8"}
  [4;36;1mDisk Load (1.0ms)[0m   [0;1mSELECT * FROM [disks] WHERE ([disks].[id] = 8) [0m
Rendering template within layouts/disks
Rendering disks/show
Completed in 45ms (View: 34, DB: 3) | 200 OK [http://localhost/disks/8]


Processing DisksController#edit (for 127.0.0.1 at 2010-03-20 01:38:26) [GET]
  Parameters: {"id"=>"8"}
  [4;35;1mDisk Load (2.0ms)[0m   [0mSELECT * FROM [disks] WHERE ([disks].[id] = 8) [0m
Rendering template within layouts/disks
Rendering disks/edit
Rendered disks/_disk_form (9.0ms)
Completed in 56ms (View: 42, DB: 6) | 200 OK [http://localhost/disks/8/edit]


Processing DisksController#edit (for 127.0.0.1 at 2010-03-20 01:39:26) [GET]
  Parameters: {"id"=>"8"}
  [4;36;1mDisk Load (0.0ms)[0m   [0;1mSELECT * FROM [disks] WHERE ([disks].[id] = 8) [0m
Rendering template within layouts/disks
Rendering disks/edit
Rendered disks/_disk_form (5.0ms)
Completed in 32ms (View: 21, DB: 3) | 200 OK [http://localhost/disks/8/edit]


Processing DisksController#edit (for 127.0.0.1 at 2010-03-20 01:39:45) [GET]
  Parameters: {"id"=>"8"}
  [4;35;1mDisk Load (0.0ms)[0m   [0mSELECT * FROM [disks] WHERE ([disks].[id] = 8) [0m
Rendering template within layouts/disks
Rendering disks/edit
Rendered disks/_disk_form (5.0ms)
Completed in 32ms (View: 20, DB: 3) | 200 OK [http://localhost/disks/8/edit]


Processing DisksController#edit (for 127.0.0.1 at 2010-03-20 01:41:48) [GET]
  Parameters: {"id"=>"8"}
  [4;36;1mDisk Load (0.0ms)[0m   [0;1mSELECT * FROM [disks] WHERE ([disks].[id] = 8) [0m
Rendering template within layouts/disks
Rendering disks/edit
Rendered disks/_disk_form (5.0ms)
Completed in 30ms (View: 20, DB: 3) | 200 OK [http://localhost/disks/8/edit]


Processing DisksController#edit (for 127.0.0.1 at 2010-03-20 01:42:02) [GET]
  Parameters: {"id"=>"8"}
  [4;35;1mDisk Load (0.0ms)[0m   [0mSELECT * FROM [disks] WHERE ([disks].[id] = 8) [0m
Rendering template within layouts/disks
Rendering disks/edit
Rendered disks/_disk_form (3.0ms)
Completed in 20ms (View: 10, DB: 1) | 200 OK [http://localhost/disks/8/edit]


Processing DisksController#edit (for 127.0.0.1 at 2010-03-20 01:42:32) [GET]
  Parameters: {"id"=>"8"}
  [4;36;1mDisk Load (0.0ms)[0m   [0;1mSELECT * FROM [disks] WHERE ([disks].[id] = 8) [0m
Rendering template within layouts/disks
Rendering disks/edit
Rendered disks/_disk_form (6.0ms)
Completed in 31ms (View: 20, DB: 1) | 200 OK [http://localhost/disks/8/edit]


Processing DisksController#edit (for 127.0.0.1 at 2010-03-20 01:42:37) [GET]
  Parameters: {"id"=>"8"}
  [4;35;1mDisk Load (2.0ms)[0m   [0mSELECT * FROM [disks] WHERE ([disks].[id] = 8) [0m
Rendering template within layouts/disks
Rendering disks/edit
Rendered disks/_disk_form (3.0ms)
Completed in 22ms (View: 10, DB: 3) | 200 OK [http://localhost/disks/8/edit]


Processing DisksController#edit (for 127.0.0.1 at 2010-03-20 01:44:25) [GET]
  Parameters: {"id"=>"8"}
  [4;36;1mDisk Load (1.0ms)[0m   [0;1mSELECT * FROM [disks] WHERE ([disks].[id] = 8) [0m
Rendering template within layouts/disks
Rendering disks/edit
Rendered disks/_disk_form (4.0ms)
Completed in 31ms (View: 20, DB: 3) | 200 OK [http://localhost/disks/8/edit]


Processing DisksController#edit (for 127.0.0.1 at 2010-03-20 01:46:25) [GET]
  Parameters: {"id"=>"8"}
  [4;35;1mDisk Load (0.0ms)[0m   [0mSELECT * FROM [disks] WHERE ([disks].[id] = 8) [0m
Rendering template within layouts/disks
Rendering disks/edit
Rendered disks/_disk_form (5.0ms)
Completed in 30ms (View: 20, DB: 1) | 200 OK [http://localhost/disks/8/edit]


Processing DisksController#edit (for 127.0.0.1 at 2010-03-20 01:46:43) [GET]
  Parameters: {"id"=>"8"}
  [4;36;1mDisk Load (0.0ms)[0m   [0;1mSELECT * FROM [disks] WHERE ([disks].[id] = 8) [0m
Rendering template within layouts/disks
Rendering disks/edit
Rendered disks/_disk_form (5.0ms)
Completed in 30ms (View: 19, DB: 1) | 200 OK [http://localhost/disks/8/edit]


Processing DisksController#update (for 127.0.0.1 at 2010-03-20 01:47:01) [PUT]
  Parameters: {"authenticity_token"=>"U9mTQb0hk+mwnz5QH7+RszysqaqSLNruiyY9zdqpn+I=", "disk"=>{"image"=>"1", "name"=>"23", "is_movie"=>"0", "season"=>"123", "first_episode"=>"12", "first_title"=>"1"}, "commit"=>"Update", "id"=>"8"}
  [4;35;1mDisk Load (0.0ms)[0m   [0mSELECT * FROM [disks] WHERE ([disks].[id] = 8) [0m
  [4;36;1mEXECUTE (0.0ms)[0m   [0;1mBEGIN TRANSACTION[0m
  [4;35;1mDisk Load (0.0ms)[0m   [0mSELECT TOP 1 [disks].id FROM [disks] WHERE ([disks].[image] COLLATE Latin1_General_CS_AS = '1' AND [disks].id <> 8) [0m
  [4;36;1mEXECUTE (0.0ms)[0m   [0;1mROLLBACK TRANSACTION[0m
Rendering template within layouts/disks
Rendering disks/edit
Rendered disks/_disk_form (5.0ms)
Completed in 34ms (View: 18, DB: 2) | 200 OK [http://localhost/disks/8]


Processing DisksController#show (for 127.0.0.1 at 2010-03-20 01:47:30) [GET]
  Parameters: {"id"=>"8"}
  [4;35;1mDisk Load (0.0ms)[0m   [0mSELECT * FROM [disks] WHERE ([disks].[id] = 8) [0m
Rendering template within layouts/disks
Rendering disks/show
Completed in 16ms (View: 4, DB: 1) | 200 OK [http://localhost/disks/8]


Processing DisksController#edit (for 127.0.0.1 at 2010-03-20 01:47:35) [GET]
  Parameters: {"id"=>"8"}
  [4;36;1mDisk Load (0.0ms)[0m   [0;1mSELECT * FROM [disks] WHERE ([disks].[id] = 8) [0m
Rendering template within layouts/disks
Rendering disks/edit
Rendered disks/_disk_form (3.0ms)
Completed in 22ms (View: 10, DB: 3) | 200 OK [http://localhost/disks/8/edit]


Processing DisksController#update (for 127.0.0.1 at 2010-03-20 01:47:40) [PUT]
  Parameters: {"authenticity_token"=>"U9mTQb0hk+mwnz5QH7+RszysqaqSLNruiyY9zdqpn+I=", "disk"=>{"image"=>"1", "name"=>"23", "is_movie"=>"0", "season"=>"241", "first_episode"=>"213", "first_title"=>"4243"}, "commit"=>"Update", "id"=>"8"}
  [4;35;1mDisk Load (0.0ms)[0m   [0mSELECT * FROM [disks] WHERE ([disks].[id] = 8) [0m
  [4;36;1mEXECUTE (1.0ms)[0m   [0;1mBEGIN TRANSACTION[0m
  [4;35;1mDisk Load (1.0ms)[0m   [0mSELECT TOP 1 [disks].id FROM [disks] WHERE ([disks].[image] COLLATE Latin1_General_CS_AS = '1' AND [disks].id <> 8) [0m
  [4;36;1mDisk Update (41.0ms)[0m   [0;1mUPDATE [disks] SET [is_movie] = 0, [updated_at] = '2010-03-20 08:47:40.026' WHERE [id] = 8[0m
  [4;35;1mSQL (0.0ms)[0m   [0mSELECT @@ROWCOUNT AS AffectedRows[0m
  [4;36;1mEXECUTE (32.0ms)[0m   [0;1mCOMMIT TRANSACTION[0m
Redirected to http://localhost:3000/disks/8
Completed in 94ms (DB: 78) | 302 Found [http://localhost/disks/8]


Processing DisksController#show (for 127.0.0.1 at 2010-03-20 01:47:41) [GET]
  Parameters: {"id"=>"8"}
  [4;35;1mDisk Load (0.0ms)[0m   [0mSELECT * FROM [disks] WHERE ([disks].[id] = 8) [0m
Rendering template within layouts/disks
Rendering disks/show
Completed in 15ms (View: 4, DB: 2) | 200 OK [http://localhost/disks/8]


Processing DisksController#index (for 127.0.0.1 at 2010-03-20 01:47:46) [GET]
  [4;36;1mDisk Load (0.0ms)[0m   [0;1mSELECT * FROM [disks] [0m
Rendering template within layouts/disks
Rendering disks/index
Completed in 28ms (View: 16, DB: 3) | 200 OK [http://localhost/disks]


Processing DisksController#edit (for 127.0.0.1 at 2010-03-20 01:47:49) [GET]
  Parameters: {"id"=>"8"}
  [4;35;1mDisk Load (1.0ms)[0m   [0mSELECT * FROM [disks] WHERE ([disks].[id] = 8) [0m
Rendering template within layouts/disks
Rendering disks/edit
Rendered disks/_disk_form (3.0ms)
Completed in 24ms (View: 10, DB: 2) | 200 OK [http://localhost/disks/8/edit]


Processing DisksController#update (for 127.0.0.1 at 2010-03-20 01:47:52) [PUT]
  Parameters: {"authenticity_token"=>"U9mTQb0hk+mwnz5QH7+RszysqaqSLNruiyY9zdqpn+I=", "disk"=>{"image"=>"1", "name"=>"23", "is_movie"=>"1", "season"=>"241", "first_episode"=>"213", "first_title"=>"4243"}, "commit"=>"Update", "id"=>"8"}
  [4;36;1mDisk Load (0.0ms)[0m   [0;1mSELECT * FROM [disks] WHERE ([disks].[id] = 8) [0m
  [4;35;1mEXECUTE (0.0ms)[0m   [0mBEGIN TRANSACTION[0m
  [4;36;1mDisk Load (0.0ms)[0m   [0;1mSELECT TOP 1 [disks].id FROM [disks] WHERE ([disks].[image] COLLATE Latin1_General_CS_AS = '1' AND [disks].id <> 8) [0m
  [4;35;1mDisk Update (1.0ms)[0m   [0mUPDATE [disks] SET [is_movie] = 1, [updated_at] = '2010-03-20 08:47:52.281' WHERE [id] = 8[0m
  [4;36;1mSQL (0.0ms)[0m   [0;1mSELECT @@ROWCOUNT AS AffectedRows[0m
  [4;35;1mEXECUTE (24.0ms)[0m   [0mCOMMIT TRANSACTION[0m
Redirected to http://localhost:3000/disks/8
Completed in 44ms (DB: 28) | 302 Found [http://localhost/disks/8]


Processing DisksController#show (for 127.0.0.1 at 2010-03-20 01:47:53) [GET]
  Parameters: {"id"=>"8"}
  [4;36;1mDisk Load (0.0ms)[0m   [0;1mSELECT * FROM [disks] WHERE ([disks].[id] = 8) [0m
Rendering template within layouts/disks
Rendering disks/show
Completed in 16ms (View: 5, DB: 1) | 200 OK [http://localhost/disks/8]


Processing DisksController#show (for 127.0.0.1 at 2010-03-20 01:57:03) [GET]
  Parameters: {"id"=>"8"}
  [4;35;1mDisk Load (0.0ms)[0m   [0mSELECT * FROM [disks] WHERE ([disks].[id] = 8) [0m
Rendering template within layouts/disks
Rendering disks/show
Completed in 16ms (View: 5, DB: 3) | 200 OK [http://localhost/disks/8]


Processing DisksController#index (for 127.0.0.1 at 2010-03-20 01:59:24) [GET]
  [4;36;1mDisk Load (0.0ms)[0m   [0;1mSELECT * FROM [disks] [0m
Rendering template within layouts/disks
Rendering disks/index
Completed in 19ms (View: 8, DB: 1) | 200 OK [http://localhost/disks]


Processing DisksController#edit (for 127.0.0.1 at 2010-03-20 02:02:42) [GET]
  Parameters: {"id"=>"1"}
  [4;35;1mDisk Load (1.0ms)[0m   [0mSELECT * FROM [disks] WHERE ([disks].[id] = 1) [0m
Rendering template within layouts/disks
Rendering disks/edit
Rendered disks/_disk_form (3.0ms)
Completed in 23ms (View: 11, DB: 2) | 200 OK [http://localhost/disks/1/edit]


Processing DisksController#update (for 127.0.0.1 at 2010-03-20 02:02:46) [PUT]
  Parameters: {"authenticity_token"=>"U9mTQb0hk+mwnz5QH7+RszysqaqSLNruiyY9zdqpn+I=", "disk"=>{"image"=>"blabla.iso", "name"=>"blabla", "is_movie"=>"0", "season"=>"1", "first_episode"=>"1", "first_title"=>"1"}, "commit"=>"Update", "id"=>"1"}
  [4;36;1mDisk Load (1.0ms)[0m   [0;1mSELECT * FROM [disks] WHERE ([disks].[id] = 1) [0m
  [4;35;1mEXECUTE (1.0ms)[0m   [0mBEGIN TRANSACTION[0m
  [4;36;1mDisk Load (2.0ms)[0m   [0;1mSELECT TOP 1 [disks].id FROM [disks] WHERE ([disks].[image] COLLATE Latin1_General_CS_AS = 'blabla.iso' AND [disks].id <> 1) [0m
  [4;35;1mDisk Update (0.0ms)[0m   [0mUPDATE [disks] SET [is_movie] = 0, [updated_at] = '2010-03-20 09:02:46.477' WHERE [id] = 1[0m
  [4;36;1mSQL (0.0ms)[0m   [0;1mSELECT @@ROWCOUNT AS AffectedRows[0m
  [4;35;1mEXECUTE (12.0ms)[0m   [0mCOMMIT TRANSACTION[0m
Redirected to http://localhost:3000/disks
Completed in 33ms (DB: 19) | 302 Found [http://localhost/disks/1]


Processing DisksController#index (for 127.0.0.1 at 2010-03-20 02:02:47) [GET]
  [4;36;1mDisk Load (1.0ms)[0m   [0;1mSELECT * FROM [disks] [0m
Rendering template within layouts/disks
Rendering disks/index
Completed in 19ms (View: 7, DB: 2) | 200 OK [http://localhost/disks]


Processing DisksController#edit (for 127.0.0.1 at 2010-03-20 02:02:50) [GET]
  Parameters: {"id"=>"9"}
  [4;35;1mDisk Load (0.0ms)[0m   [0mSELECT * FROM [disks] WHERE ([disks].[id] = 9) [0m
Rendering template within layouts/disks
Rendering disks/edit
Rendered disks/_disk_form (3.0ms)
Completed in 22ms (View: 10, DB: 1) | 200 OK [http://localhost/disks/9/edit]


Processing DisksController#update (for 127.0.0.1 at 2010-03-20 02:02:56) [PUT]
  Parameters: {"authenticity_token"=>"U9mTQb0hk+mwnz5QH7+RszysqaqSLNruiyY9zdqpn+I=", "disk"=>{"image"=>"231", "name"=>"2131", "is_movie"=>"0", "season"=>"", "first_episode"=>"", "first_title"=>""}, "commit"=>"Update", "id"=>"9"}
  [4;36;1mDisk Load (1.0ms)[0m   [0;1mSELECT * FROM [disks] WHERE ([disks].[id] = 9) [0m
  [4;35;1mEXECUTE (0.0ms)[0m   [0mBEGIN TRANSACTION[0m
  [4;36;1mDisk Load (2.0ms)[0m   [0;1mSELECT TOP 1 [disks].id FROM [disks] WHERE ([disks].[image] COLLATE Latin1_General_CS_AS = '231' AND [disks].id <> 9) [0m
  [4;35;1mDisk Update (1.0ms)[0m   [0mUPDATE [disks] SET [is_movie] = 0, [updated_at] = '2010-03-20 09:02:56.953' WHERE [id] = 9[0m
  [4;36;1mSQL (0.0ms)[0m   [0;1mSELECT @@ROWCOUNT AS AffectedRows[0m
  [4;35;1mEXECUTE (35.0ms)[0m   [0mCOMMIT TRANSACTION[0m
Redirected to http://localhost:3000/disks
Completed in 56ms (DB: 41) | 302 Found [http://localhost/disks/9]


Processing DisksController#index (for 127.0.0.1 at 2010-03-20 02:02:57) [GET]
  [4;36;1mDisk Load (1.0ms)[0m   [0;1mSELECT * FROM [disks] [0m
Rendering template within layouts/disks
Rendering disks/index
Completed in 27ms (View: 11, DB: 5) | 200 OK [http://localhost/disks]


Processing DisksController#edit (for 127.0.0.1 at 2010-03-20 02:03:02) [GET]
  Parameters: {"id"=>"9"}
  [4;35;1mDisk Load (0.0ms)[0m   [0mSELECT * FROM [disks] WHERE ([disks].[id] = 9) [0m
Rendering template within layouts/disks
Rendering disks/edit
Rendered disks/_disk_form (3.0ms)
Completed in 21ms (View: 10, DB: 1) | 200 OK [http://localhost/disks/9/edit]


Processing DisksController#update (for 127.0.0.1 at 2010-03-20 02:03:11) [PUT]
  Parameters: {"authenticity_token"=>"U9mTQb0hk+mwnz5QH7+RszysqaqSLNruiyY9zdqpn+I=", "disk"=>{"image"=>"231", "name"=>"2131", "is_movie"=>"0", "season"=>"1", "first_episode"=>"23", "first_title"=>"41"}, "commit"=>"Update", "id"=>"9"}
  [4;36;1mDisk Load (0.0ms)[0m   [0;1mSELECT * FROM [disks] WHERE ([disks].[id] = 9) [0m
  [4;35;1mEXECUTE (1.0ms)[0m   [0mBEGIN TRANSACTION[0m
  [4;36;1mDisk Load (1.0ms)[0m   [0;1mSELECT TOP 1 [disks].id FROM [disks] WHERE ([disks].[image] COLLATE Latin1_General_CS_AS = '231' AND [disks].id <> 9) [0m
  [4;35;1mDisk Update (3.0ms)[0m   [0mUPDATE [disks] SET [season] = 1, [first_episode] = 23, [first_title] = 41, [updated_at] = '2010-03-20 09:03:11.376' WHERE [id] = 9[0m
  [4;36;1mSQL (0.0ms)[0m   [0;1mSELECT @@ROWCOUNT AS AffectedRows[0m
  [4;35;1mEXECUTE (1.0ms)[0m   [0mCOMMIT TRANSACTION[0m
Redirected to http://localhost:3000/disks
Completed in 21ms (DB: 10) | 302 Found [http://localhost/disks/9]


Processing DisksController#index (for 127.0.0.1 at 2010-03-20 02:03:11) [GET]
  [4;36;1mDisk Load (0.0ms)[0m   [0;1mSELECT * FROM [disks] [0m
Rendering template within layouts/disks
Rendering disks/index
Completed in 19ms (View: 8, DB: 1) | 200 OK [http://localhost/disks]
